###############################################################
#  Generated by:      Cadence Encounter 09.10-p004_1
#  OS:                Linux i686(Host ID esl2-9)
#  Generated on:      Mon Mar  3 19:03:12 2014
#  Command:           summaryReport -outfile results/summary/07-route.rpt
###############################################################


==============================
General Design Information
==============================
Design Status: Routed  
Design Name: up_island  
# Instances: 13089  
# Hard Macros: 0  
# Std Cells: 13089  
    ------------------------------
    Standard Cells in Netlist
    ------------------------------
               Cell Type   Instance Count  Area (um^2)  
                 AND2_X1              280         297.9200  
                 AND2_X2               17          22.6100  
                 AND3_X1               39          51.8700  
                 AND3_X2               18          28.7280  
                 AND4_X1               50          79.8000  
                 AND4_X2                1           1.8620  
               AOI211_X1               68          90.4400  
                AOI21_X1              124         131.9360  
                AOI21_X2                1           1.8620  
               AOI221_X1               93         148.4280  
               AOI222_X1              186         395.8080  
               AOI222_X2                2           7.4480  
                AOI22_X1              731         972.2300  
                AOI22_X2                1           2.3940  
                  BUF_X1                7           5.5860  
                 BUF_X16                3          19.9500  
                  BUF_X2               53          56.3920  
                  BUF_X4                5           9.3100  
                  BUF_X8                2           6.9160  
               CLKBUF_X1               82          65.4360  
               CLKBUF_X2               22          23.4080  
               CLKBUF_X3                9          11.9700  
                 DFFR_X1             1394        7416.0800  
                 DFFR_X2               50         292.6000  
                 DFFS_X1               37         196.8400  
                 DFFS_X2                2          11.1720  
                   FA_X1              453        1927.9680  
                   HA_X1               15          39.9000  
                  INV_X1             2049        1090.0680  
                  INV_X2              112          89.3760  
                  INV_X4                2           2.6600  
                 MUX2_X1              722        1344.3640  
                NAND2_X1             1439        1148.3220  
                NAND2_X2               15          19.9500  
                NAND3_X1              306         325.5840  
                NAND3_X2               27          50.2740  
                NAND4_X1               39          51.8700  
                 NOR2_X1              448         357.5040  
                 NOR2_X2                4           5.3200  
                 NOR2_X4                9          21.5460  
                 NOR3_X1               61          64.9040  
                 NOR3_X2                1           1.8620  
                 NOR4_X1               77         102.4100  
               OAI211_X1              114         151.6200  
                OAI21_X1              238         253.2320  
                OAI21_X2                1           1.8620  
               OAI221_X1              241         384.6360  
               OAI222_X1              268         570.3040  
               OAI222_X2                1           3.7240  
                OAI22_X1             1887        2509.7100  
                OAI22_X2                1           2.3940  
                  OR2_X1              336         357.5040  
                  OR2_X2                4           5.3200  
                  OR3_X1                3           3.9900  
                XNOR2_X1              656        1046.9760  
                 XOR2_X1              283         451.6680  
# Pads: 0  
# Net: 14362  
# Special Net: 2  
# IO Pins: 
    ------------------------------
    Issued IO Information
    ------------------------------
    # Unplaced IO Pin  0  
    # Floating IO  
        ------------------------------
        Floating IO
        ------------------------------
            Floating IO Name  
                    BUS_BUSY  1  
    # IO Connected to Non-IO Inst  
        ------------------------------
        IO Connected to Non-IO Inst
        ------------------------------
                     IO Name      Non-IO Inst Name  
          BUS_DATA_OUTBUS[0]                 U5179  
          BUS_DATA_OUTBUS[1]                 U5151  
          BUS_DATA_OUTBUS[2]                 U5123  
          BUS_DATA_OUTBUS[3]                 U5116  
          BUS_DATA_OUTBUS[4]                 U5115  
          BUS_DATA_OUTBUS[5]                 U5114  
          BUS_DATA_OUTBUS[6]                 U5113  
          BUS_DATA_OUTBUS[7]                 U5112  
          BUS_DATA_OUTBUS[8]                 U5110  
          BUS_DATA_OUTBUS[9]                 U5108  
         BUS_DATA_OUTBUS[10]                 U5173  
         BUS_DATA_OUTBUS[11]                 U5171  
         BUS_DATA_OUTBUS[12]                 U5169  
         BUS_DATA_OUTBUS[13]                 U5167  
         BUS_DATA_OUTBUS[14]                 U5165  
         BUS_DATA_OUTBUS[15]                 U5163  
         BUS_DATA_OUTBUS[16]                 U5158  
         BUS_DATA_OUTBUS[17]                 U5156  
         BUS_DATA_OUTBUS[18]                 U5154  
         BUS_DATA_OUTBUS[19]                 U5152  
         BUS_DATA_OUTBUS[20]                 U5149  
         BUS_DATA_OUTBUS[21]                 U5147  
         BUS_DATA_OUTBUS[22]                 U5145  
         BUS_DATA_OUTBUS[23]                 U5143  
         BUS_DATA_OUTBUS[24]                 U5139  
         BUS_DATA_OUTBUS[25]                 U5136  
         BUS_DATA_OUTBUS[26]                 U5133  
         BUS_DATA_OUTBUS[27]                 U5130  
         BUS_DATA_OUTBUS[28]                 U5127  
         BUS_DATA_OUTBUS[29]                 U5124  
         BUS_DATA_OUTBUS[30]                 U5120  
         BUS_DATA_OUTBUS[31]                 U5117  
           BUS_DATA_INBUS[0]                 U4729  
           BUS_DATA_INBUS[1]                 U4624  
           BUS_DATA_INBUS[2]                 U4563  
           BUS_DATA_INBUS[3]                 U4544  
           BUS_DATA_INBUS[4]                 U4535  
           BUS_DATA_INBUS[5]                 U4526  
           BUS_DATA_INBUS[6]                 U4517  
           BUS_DATA_INBUS[7]                 U4700  
           BUS_DATA_INBUS[8]                 U4731  
           BUS_DATA_INBUS[9]                 U4625  
          BUS_DATA_INBUS[10]                 U4703  
          BUS_DATA_INBUS[11]                 U4688  
          BUS_DATA_INBUS[12]                 U4680  
          BUS_DATA_INBUS[13]                 U4672  
          BUS_DATA_INBUS[14]                 U4664  
          BUS_DATA_INBUS[15]                 U4701  
          BUS_DATA_INBUS[16]                 U2578  
          BUS_DATA_INBUS[17]                 U2579  
          BUS_DATA_INBUS[18]                 U2593  
          BUS_DATA_INBUS[19]                 U2596  
          BUS_DATA_INBUS[20]                 U2597  
          BUS_DATA_INBUS[21]                 U2598  
          BUS_DATA_INBUS[22]                 U2599  
          BUS_DATA_INBUS[23]                 U2600  
          BUS_DATA_INBUS[24]                 U2581  
          BUS_DATA_INBUS[25]                 U2583  
          BUS_DATA_INBUS[26]                 U2586  
          BUS_DATA_INBUS[27]                 U2590  
          BUS_DATA_INBUS[28]                 U2591  
          BUS_DATA_INBUS[29]                 U2592  
          BUS_DATA_INBUS[30]                 U2594  
          BUS_DATA_INBUS[31]                 U2595  
          BUS_ADDR_OUTBUS[0]                 U5247  
          BUS_ADDR_OUTBUS[1]                 U5221  
          BUS_ADDR_OUTBUS[2]                 U5199  
          BUS_ADDR_OUTBUS[3]                 U5193  
          BUS_ADDR_OUTBUS[4]                 U5191  
          BUS_ADDR_OUTBUS[5]                 U5189  
          BUS_ADDR_OUTBUS[6]                 U5187  
          BUS_ADDR_OUTBUS[7]                 U5185  
          BUS_ADDR_OUTBUS[8]                 U5183  
          BUS_ADDR_OUTBUS[9]                 U5181  
         BUS_ADDR_OUTBUS[10]                 U5242  
         BUS_ADDR_OUTBUS[11]                 U5240  
         BUS_ADDR_OUTBUS[12]                 U5238  
         BUS_ADDR_OUTBUS[13]                 U5236  
         BUS_ADDR_OUTBUS[14]                 U5234  
         BUS_ADDR_OUTBUS[15]                 U5232  
         BUS_ADDR_OUTBUS[16]                 U5230  
         BUS_ADDR_OUTBUS[17]                 U5228  
         BUS_ADDR_OUTBUS[18]                 U5226  
         BUS_ADDR_OUTBUS[19]                 U5224  
         BUS_ADDR_OUTBUS[20]                 U5219  
         BUS_ADDR_OUTBUS[21]                 U5217  
         BUS_ADDR_OUTBUS[22]                 U5215  
         BUS_ADDR_OUTBUS[23]                 U5213  
         BUS_ADDR_OUTBUS[24]                 U5211  
         BUS_ADDR_OUTBUS[25]                 U5209  
         BUS_ADDR_OUTBUS[26]                 U5207  
         BUS_ADDR_OUTBUS[27]                 U5205  
         BUS_ADDR_OUTBUS[28]                 U5203  
         BUS_ADDR_OUTBUS[29]                 U5201  
         BUS_ADDR_OUTBUS[30]                 U5197  
         BUS_ADDR_OUTBUS[31]                 U5195  
                      BUS_MW                 U5106  
                      BUS_MR                 U5107  
                  BUS_NREADY                 U5278  
                       reset  localbus/c2_op_reg[MASTER]  
                         CLK  localbus/c2_op_reg[MASTER]  101  102  
# Pins: 
    ------------------------------
    Correctness of Pin Connectivity for All Instances
    ------------------------------
    # Floating Terms  
        ------------------------------
        Floating Terms
        ------------------------------
          Floating Term Name             Term Type         Instance Name         Instance Type  
                           D  TieLo                Input  localbus/c2_op_reg[SLAVE][1]                        1  
    # Output Term Marked Tie Hi/Lo  0  
    # Output Term Shorted to PG Net  0  50175  
# PG Pins: 
    ------------------------------
    Correctness of PG Pin Connectivity for All Instances
    ------------------------------
    # Instances that No Net Defined for Any PG Pin  0  
    # Floating PG Terms  0  
    # PG Pins Connect to Non-PG Net  0  
    # Power Pins Connect Ground Net  0  
    # Ground Pins Connect Power Net  0  26178  
Average Pins Per Net(Signal): 3.494  

==============================
General Library Information
==============================
# Routing Layers: 10  
# Masterslice Layers: 2  
# Pin Layers: 
    General Caution:
        1) Library have metal1 and metal2 pins, you should setPreRouteAsObs {1 2 3}                                 to ensure these pins are accessible after placement

    ------------------------------
    Pin Layers
    ------------------------------
    metal2  
    metal1  2  
# Layers: 
    ------------------------------
    Layer OVERLAP Information
    ------------------------------
    Type  Overlap  
    ------------------------------
    Layer metal10 Information
    ------------------------------
    Type  Routing  
    Wire Pitch X  1.600 um  
    Wire Pitch Y  1.600 um  
    Offset X  0.095 um  
    Offset Y  0.070 um  
    Wire Width  0.800 um  
    Spacing  0.800 um  
    ------------------------------
    Layer via9 Information
    ------------------------------
    Type  Cut  
    Wire Width  0.800 um  
    Vias  
        ------------------------------
        Via list in layer via9
        ------------------------------
                Vias in via9  Default  
                      via9_0      Yes  For complete list click here  
    Multiple Orientation Vias  CAUTION: There is only one default via in this layer  
    ------------------------------
    Layer metal9 Information
    ------------------------------
    Type  Routing  
    Wire Pitch X  1.600 um  
    Wire Pitch Y  1.600 um  
    Offset X  0.095 um  
    Offset Y  0.070 um  
    Wire Width  0.800 um  
    Spacing  0.800 um  
    ------------------------------
    Layer via8 Information
    ------------------------------
    Type  Cut  
    Wire Width  0.400 um  
    Vias  
        ------------------------------
        Via list in layer via8
        ------------------------------
                Vias in via8  Default  
                      via8_0      Yes  For complete list click here  
    Multiple Orientation Vias  CAUTION: There is only one default via in this layer  
    ------------------------------
    Layer metal8 Information
    ------------------------------
    Type  Routing  
    Wire Pitch X  0.800 um  
    Wire Pitch Y  0.800 um  
    Offset X  0.095 um  
    Offset Y  0.070 um  
    Wire Width  0.400 um  
    Spacing  0.400 um  
    ------------------------------
    Layer via7 Information
    ------------------------------
    Type  Cut  
    Wire Width  0.400 um  
    Vias  
        ------------------------------
        Via list in layer via7
        ------------------------------
                Vias in via7  Default  
                      via7_0      Yes  For complete list click here  
    Multiple Orientation Vias  CAUTION: There is only one default via in this layer  
    ------------------------------
    Layer metal7 Information
    ------------------------------
    Type  Routing  
    Wire Pitch X  0.800 um  
    Wire Pitch Y  0.800 um  
    Offset X  0.095 um  
    Offset Y  0.070 um  
    Wire Width  0.400 um  
    Spacing  0.400 um  
    ------------------------------
    Layer via6 Information
    ------------------------------
    Type  Cut  
    Wire Width  0.140 um  
    Vias  
        ------------------------------
        Via list in layer via6
        ------------------------------
                Vias in via6  Default  
                      via6_0      Yes  For complete list click here  
    Multiple Orientation Vias  CAUTION: There is only one default via in this layer  
    ------------------------------
    Layer metal6 Information
    ------------------------------
    Type  Routing  
    Wire Pitch X  0.280 um  
    Wire Pitch Y  0.280 um  
    Offset X  0.095 um  
    Offset Y  0.070 um  
    Wire Width  0.140 um  
    Spacing  0.140 um  
    ------------------------------
    Layer via5 Information
    ------------------------------
    Type  Cut  
    Wire Width  0.140 um  
    Vias  
        ------------------------------
        Via list in layer via5
        ------------------------------
                Vias in via5  Default  
                      via5_0      Yes  For complete list click here  
    Multiple Orientation Vias  CAUTION: There is only one default via in this layer  
    ------------------------------
    Layer metal5 Information
    ------------------------------
    Type  Routing  
    Wire Pitch X  0.280 um  
    Wire Pitch Y  0.280 um  
    Offset X  0.095 um  
    Offset Y  0.070 um  
    Wire Width  0.140 um  
    Spacing  0.140 um  
    ------------------------------
    Layer via4 Information
    ------------------------------
    Type  Cut  
    Wire Width  0.140 um  
    Vias  
        ------------------------------
        Via list in layer via4
        ------------------------------
                Vias in via4  Default  
                      via4_0      Yes  For complete list click here  
    Multiple Orientation Vias  CAUTION: There is only one default via in this layer  
    ------------------------------
    Layer metal4 Information
    ------------------------------
    Type  Routing  
    Wire Pitch X  0.280 um  
    Wire Pitch Y  0.280 um  
    Offset X  0.095 um  
    Offset Y  0.070 um  
    Wire Width  0.140 um  
    Spacing  0.140 um  
    ------------------------------
    Layer via3 Information
    ------------------------------
    Type  Cut  
    Wire Width  0.070 um  
    Vias  
        ------------------------------
        Via list in layer via3
        ------------------------------
                Vias in via3  Default  
                      via3_1      Yes  
                      via3_0      Yes  
                      via3_2      Yes  For complete list click here  
    ------------------------------
    Layer metal3 Information
    ------------------------------
    Type  Routing  
    Wire Pitch X  0.140 um  
    Wire Pitch Y  0.140 um  
    Offset X  0.095 um  
    Offset Y  0.070 um  
    Wire Width  0.070 um  
    Spacing  0.070 um  
    ------------------------------
    Layer via2 Information
    ------------------------------
    Type  Cut  
    Wire Width  0.070 um  
    Vias  
        ------------------------------
        Via list in layer via2
        ------------------------------
                Vias in via2  Default  
                      via2_3      Yes  
                      via2_2      Yes  
                      via2_1      Yes  
                      via2_0      Yes  
                      via2_6      Yes  
                      via2_7      Yes  
                      via2_5      Yes  
                      via2_4      Yes  
                      via2_8      Yes  For complete list click here  
    ------------------------------
    Layer metal2 Information
    ------------------------------
    Type  Routing  
    Wire Pitch X  0.190 um  
    Wire Pitch Y  0.190 um  
    Offset X  0.095 um  
    Offset Y  0.070 um  
    Wire Width  0.070 um  
    Spacing  0.070 um  
    Line2Via  CAUTION: The line2via does not match the pitch  
    ------------------------------
    Layer via1 Information
    ------------------------------
    Type  Cut  
    Wire Width  0.070 um  
    Vias  
        ------------------------------
        Via list in layer via1
        ------------------------------
                Vias in via1  Default  
                      via1_8      Yes  
                      via1_7      Yes  
                      via1_6      Yes  
                      via1_5      Yes  
                      via1_3      Yes  
                      via1_2      Yes  
                      via1_1      Yes  
                      via1_0      Yes  
                      via1_4      Yes  For complete list click here  
    ------------------------------
    Layer metal1 Information
    ------------------------------
    Type  Routing  
    Wire Pitch X  0.140 um  
    Wire Pitch Y  0.140 um  
    Offset X  0.095 um  
    Offset Y  0.070 um  
    Wire Width  0.070 um  
    Spacing  0.065 um  
    ------------------------------
    Layer M0 Information
    ------------------------------
    Type  Masterslice  
    ------------------------------
    Layer poly Information
    ------------------------------
    Type  Masterslice  22  
# Pins without Physical Port: 0  
# Pins in Library without Timing Lib: 0  
# Pins Missing Direction: 0  
Antenna Summary Report: 
    General Caution:
        1) All Antenna Constructs are absent for the layer section of LEF.
    ------------------------------
    These Pins have antenna info
    ------------------------------
               Cell Name      List of Pin Name  
                 AND2_X1                    A1  
                 AND2_X1                    A2  
                 AND2_X1                    ZN  
                 AND2_X2                    A1  
                 AND2_X2                    A2  
                 AND2_X2                    ZN  
                 AND2_X4                    A1  
                 AND2_X4                    A2  
                 AND2_X4                    ZN  
                 AND3_X1                    A1  
                 AND3_X1                    A2  
                 AND3_X1                    A3  
                 AND3_X1                    ZN  
                 AND3_X2                    A1  
                 AND3_X2                    A2  
                 AND3_X2                    A3  
                 AND3_X2                    ZN  
                 AND3_X4                    A1  
                 AND3_X4                    A2  
                 AND3_X4                    A3  
                 AND3_X4                    ZN  
                 AND4_X1                    A1  
                 AND4_X1                    A2  
                 AND4_X1                    A3  
                 AND4_X1                    A4  
                 AND4_X1                    ZN  
                 AND4_X2                    A1  
                 AND4_X2                    A2  
                 AND4_X2                    A3  
                 AND4_X2                    A4  
                 AND4_X2                    ZN  
                 AND4_X4                    A1  
                 AND4_X4                    A2  
                 AND4_X4                    A3  
                 AND4_X4                    A4  
                 AND4_X4                    ZN  
              ANTENNA_X1                     A  
               AOI211_X1                     A  
               AOI211_X1                     B  
               AOI211_X1                    C1  
               AOI211_X1                    C2  
               AOI211_X1                    ZN  
               AOI211_X2                     A  
               AOI211_X2                     B  
               AOI211_X2                    C1  
               AOI211_X2                    C2  
               AOI211_X2                    ZN  
               AOI211_X4                     A  
               AOI211_X4                     B  
               AOI211_X4                    C1  
               AOI211_X4                    C2  
               AOI211_X4                    ZN  
                AOI21_X1                     A  
                AOI21_X1                    B1  
                AOI21_X1                    B2  
                AOI21_X1                    ZN  
                AOI21_X2                     A  
                AOI21_X2                    B1  
                AOI21_X2                    B2  
                AOI21_X2                    ZN  
                AOI21_X4                     A  
                AOI21_X4                    B1  
                AOI21_X4                    B2  
                AOI21_X4                    ZN  
               AOI221_X1                     A  
               AOI221_X1                    B1  
               AOI221_X1                    B2  
               AOI221_X1                    C1  
               AOI221_X1                    C2  
               AOI221_X1                    ZN  
               AOI221_X2                     A  
               AOI221_X2                    B1  
               AOI221_X2                    B2  
               AOI221_X2                    C1  
               AOI221_X2                    C2  
               AOI221_X2                    ZN  
               AOI221_X4                     A  
               AOI221_X4                    B1  
               AOI221_X4                    B2  
               AOI221_X4                    C1  
               AOI221_X4                    C2  
               AOI221_X4                    ZN  
               AOI222_X1                    A1  
               AOI222_X1                    A2  
               AOI222_X1                    B1  
               AOI222_X1                    B2  
               AOI222_X1                    C1  
               AOI222_X1                    C2  
               AOI222_X1                    ZN  
               AOI222_X2                    A1  
               AOI222_X2                    A2  
               AOI222_X2                    B1  
               AOI222_X2                    B2  
               AOI222_X2                    C1  
               AOI222_X2                    C2  
               AOI222_X2                    ZN  
               AOI222_X4                    A1  
               AOI222_X4                    A2  
               AOI222_X4                    B1  
               AOI222_X4                    B2  
               AOI222_X4                    C1  
               AOI222_X4                    C2  
               AOI222_X4                    ZN  
                AOI22_X1                    A1  
                AOI22_X1                    A2  
                AOI22_X1                    B1  
                AOI22_X1                    B2  
                AOI22_X1                    ZN  
                AOI22_X2                    A1  
                AOI22_X2                    A2  
                AOI22_X2                    B1  
                AOI22_X2                    B2  
                AOI22_X2                    ZN  
                AOI22_X4                    A1  
                AOI22_X4                    A2  
                AOI22_X4                    B1  
                AOI22_X4                    B2  
                AOI22_X4                    ZN  
                  BUF_X1                     A  
                  BUF_X1                     Z  
                 BUF_X16                     A  
                 BUF_X16                     Z  
                  BUF_X2                     A  
                  BUF_X2                     Z  
                 BUF_X32                     A  
                 BUF_X32                     Z  
                  BUF_X4                     A  
                  BUF_X4                     Z  
                  BUF_X8                     A  
                  BUF_X8                     Z  
               CLKBUF_X1                     A  
               CLKBUF_X1                     Z  
               CLKBUF_X2                     A  
               CLKBUF_X2                     Z  
               CLKBUF_X3                     A  
               CLKBUF_X3                     Z  
           CLKGATETST_X1                    CK  
           CLKGATETST_X1                     E  
           CLKGATETST_X1                   GCK  
           CLKGATETST_X1                    SE  
           CLKGATETST_X2                    CK  
           CLKGATETST_X2                     E  
           CLKGATETST_X2                   GCK  
           CLKGATETST_X2                    SE  
           CLKGATETST_X4                    CK  
           CLKGATETST_X4                     E  
           CLKGATETST_X4                   GCK  
           CLKGATETST_X4                    SE  
           CLKGATETST_X8                    CK  
           CLKGATETST_X8                     E  
           CLKGATETST_X8                   GCK  
           CLKGATETST_X8                    SE  
              CLKGATE_X1                    CK  
              CLKGATE_X1                     E  
              CLKGATE_X1                   GCK  
              CLKGATE_X2                    CK  
              CLKGATE_X2                     E  
              CLKGATE_X2                   GCK  
              CLKGATE_X4                    CK  
              CLKGATE_X4                     E  
              CLKGATE_X4                   GCK  
              CLKGATE_X8                    CK  
              CLKGATE_X8                     E  
              CLKGATE_X8                   GCK  
                DFFRS_X1                    CK  
                DFFRS_X1                     D  
                DFFRS_X1                     Q  
                DFFRS_X1                    QN  
                DFFRS_X1                    RN  
                DFFRS_X1                    SN  
                DFFRS_X2                    CK  
                DFFRS_X2                     D  
                DFFRS_X2                     Q  
                DFFRS_X2                    QN  
                DFFRS_X2                    RN  
                DFFRS_X2                    SN  
                 DFFR_X1                    CK  
                 DFFR_X1                     D  
                 DFFR_X1                     Q  
                 DFFR_X1                    QN  
                 DFFR_X1                    RN  
                 DFFR_X2                    CK  
                 DFFR_X2                     D  
                 DFFR_X2                     Q  
                 DFFR_X2                    QN  
                 DFFR_X2                    RN  
                 DFFS_X1                    CK  
                 DFFS_X1                     D  
                 DFFS_X1                     Q  
                 DFFS_X1                    QN  
                 DFFS_X1                    SN  
                 DFFS_X2                    CK  
                 DFFS_X2                     D  
                 DFFS_X2                     Q  
                 DFFS_X2                    QN  
                 DFFS_X2                    SN  
                  DFF_X1                    CK  
                  DFF_X1                     D  
                  DFF_X1                     Q  
                  DFF_X1                    QN  
                  DFF_X2                    CK  
                  DFF_X2                     D  
                  DFF_X2                     Q  
                  DFF_X2                    QN  
                  DLH_X1                     D  
                  DLH_X1                     G  
                  DLH_X1                     Q  
                  DLH_X2                     D  
                  DLH_X2                     G  
                  DLH_X2                     Q  
                  DLL_X1                     D  
                  DLL_X1                    GN  
                  DLL_X1                     Q  
                  DLL_X2                     D  
                  DLL_X2                    GN  
                  DLL_X2                     Q  
                   FA_X1                     A  
                   FA_X1                     B  
                   FA_X1                    CI  
                   FA_X1                    CO  
                   FA_X1                     S  
                   HA_X1                     A  
                   HA_X1                     B  
                   HA_X1                    CO  
                   HA_X1                     S  
                  INV_X1                     A  
                  INV_X1                    ZN  
                 INV_X16                     A  
                 INV_X16                    ZN  
                  INV_X2                     A  
                  INV_X2                    ZN  
                 INV_X32                     A  
                 INV_X32                    ZN  
                  INV_X4                     A  
                  INV_X4                    ZN  
                  INV_X8                     A  
                  INV_X8                    ZN  
               LOGIC0_X1                     Z  
               LOGIC1_X1                     Z  
                 MUX2_X1                     A  
                 MUX2_X1                     B  
                 MUX2_X1                     S  
                 MUX2_X1                     Z  
                 MUX2_X2                     A  
                 MUX2_X2                     B  
                 MUX2_X2                     S  
                 MUX2_X2                     Z  
                NAND2_X1                    A1  
                NAND2_X1                    A2  
                NAND2_X1                    ZN  
                NAND2_X2                    A1  
                NAND2_X2                    A2  
                NAND2_X2                    ZN  
                NAND2_X4                    A1  
                NAND2_X4                    A2  
                NAND2_X4                    ZN  
                NAND3_X1                    A1  
                NAND3_X1                    A2  
                NAND3_X1                    A3  
                NAND3_X1                    ZN  
                NAND3_X2                    A1  
                NAND3_X2                    A2  
                NAND3_X2                    A3  
                NAND3_X2                    ZN  
                NAND3_X4                    A1  
                NAND3_X4                    A2  
                NAND3_X4                    A3  
                NAND3_X4                    ZN  
                NAND4_X1                    A1  
                NAND4_X1                    A2  
                NAND4_X1                    A3  
                NAND4_X1                    A4  
                NAND4_X1                    ZN  
                NAND4_X2                    A1  
                NAND4_X2                    A2  
                NAND4_X2                    A3  
                NAND4_X2                    A4  
                NAND4_X2                    ZN  
                NAND4_X4                    A1  
                NAND4_X4                    A2  
                NAND4_X4                    A3  
                NAND4_X4                    A4  
                NAND4_X4                    ZN  
                 NOR2_X1                    A1  
                 NOR2_X1                    A2  
                 NOR2_X1                    ZN  
                 NOR2_X2                    A1  
                 NOR2_X2                    A2  
                 NOR2_X2                    ZN  
                 NOR2_X4                    A1  
                 NOR2_X4                    A2  
                 NOR2_X4                    ZN  
                 NOR3_X1                    A1  
                 NOR3_X1                    A2  
                 NOR3_X1                    A3  
                 NOR3_X1                    ZN  
                 NOR3_X2                    A1  
                 NOR3_X2                    A2  
                 NOR3_X2                    A3  
                 NOR3_X2                    ZN  
                 NOR3_X4                    A1  
                 NOR3_X4                    A2  
                 NOR3_X4                    A3  
                 NOR3_X4                    ZN  
                 NOR4_X1                    A1  
                 NOR4_X1                    A2  
                 NOR4_X1                    A3  
                 NOR4_X1                    A4  
                 NOR4_X1                    ZN  
                 NOR4_X2                    A1  
                 NOR4_X2                    A2  
                 NOR4_X2                    A3  
                 NOR4_X2                    A4  
                 NOR4_X2                    ZN  
                 NOR4_X4                    A1  
                 NOR4_X4                    A2  
                 NOR4_X4                    A3  
                 NOR4_X4                    A4  
                 NOR4_X4                    ZN  
               OAI211_X1                     A  
               OAI211_X1                     B  
               OAI211_X1                    C1  
               OAI211_X1                    C2  
               OAI211_X1                    ZN  
               OAI211_X2                     A  
               OAI211_X2                     B  
               OAI211_X2                    C1  
               OAI211_X2                    C2  
               OAI211_X2                    ZN  
               OAI211_X4                     A  
               OAI211_X4                     B  
               OAI211_X4                    C1  
               OAI211_X4                    C2  
               OAI211_X4                    ZN  
                OAI21_X1                     A  
                OAI21_X1                    B1  
                OAI21_X1                    B2  
                OAI21_X1                    ZN  
                OAI21_X2                     A  
                OAI21_X2                    B1  
                OAI21_X2                    B2  
                OAI21_X2                    ZN  
                OAI21_X4                     A  
                OAI21_X4                    B1  
                OAI21_X4                    B2  
                OAI21_X4                    ZN  
               OAI221_X1                     A  
               OAI221_X1                    B1  
               OAI221_X1                    B2  
               OAI221_X1                    C1  
               OAI221_X1                    C2  
               OAI221_X1                    ZN  
               OAI221_X2                     A  
               OAI221_X2                    B1  
               OAI221_X2                    B2  
               OAI221_X2                    C1  
               OAI221_X2                    C2  
               OAI221_X2                    ZN  
               OAI221_X4                     A  
               OAI221_X4                    B1  
               OAI221_X4                    B2  
               OAI221_X4                    C1  
               OAI221_X4                    C2  
               OAI221_X4                    ZN  
               OAI222_X1                    A1  
               OAI222_X1                    A2  
               OAI222_X1                    B1  
               OAI222_X1                    B2  
               OAI222_X1                    C1  
               OAI222_X1                    C2  
               OAI222_X1                    ZN  
               OAI222_X2                    A1  
               OAI222_X2                    A2  
               OAI222_X2                    B1  
               OAI222_X2                    B2  
               OAI222_X2                    C1  
               OAI222_X2                    C2  
               OAI222_X2                    ZN  
               OAI222_X4                    A1  
               OAI222_X4                    A2  
               OAI222_X4                    B1  
               OAI222_X4                    B2  
               OAI222_X4                    C1  
               OAI222_X4                    C2  
               OAI222_X4                    ZN  
                OAI22_X1                    A1  
                OAI22_X1                    A2  
                OAI22_X1                    B1  
                OAI22_X1                    B2  
                OAI22_X1                    ZN  
                OAI22_X2                    A1  
                OAI22_X2                    A2  
                OAI22_X2                    B1  
                OAI22_X2                    B2  
                OAI22_X2                    ZN  
                OAI22_X4                    A1  
                OAI22_X4                    A2  
                OAI22_X4                    B1  
                OAI22_X4                    B2  
                OAI22_X4                    ZN  
                OAI33_X1                    A1  
                OAI33_X1                    A2  
                OAI33_X1                    A3  
                OAI33_X1                    B1  
                OAI33_X1                    B2  
                OAI33_X1                    B3  
                OAI33_X1                    ZN  
                  OR2_X1                    A1  
                  OR2_X1                    A2  
                  OR2_X1                    ZN  
                  OR2_X2                    A1  
                  OR2_X2                    A2  
                  OR2_X2                    ZN  
                  OR2_X4                    A1  
                  OR2_X4                    A2  
                  OR2_X4                    ZN  
                  OR3_X1                    A1  
                  OR3_X1                    A2  
                  OR3_X1                    A3  
                  OR3_X1                    ZN  
                  OR3_X2                    A1  
                  OR3_X2                    A2  
                  OR3_X2                    A3  
                  OR3_X2                    ZN  
                  OR3_X4                    A1  
                  OR3_X4                    A2  
                  OR3_X4                    A3  
                  OR3_X4                    ZN  
                  OR4_X1                    A1  
                  OR4_X1                    A2  
                  OR4_X1                    A3  
                  OR4_X1                    A4  
                  OR4_X1                    ZN  
                  OR4_X2                    A1  
                  OR4_X2                    A2  
                  OR4_X2                    A3  
                  OR4_X2                    A4  
                  OR4_X2                    ZN  
                  OR4_X4                    A1  
                  OR4_X4                    A2  
                  OR4_X4                    A3  
                  OR4_X4                    A4  
                  OR4_X4                    ZN  
               SDFFRS_X1                    CK  
               SDFFRS_X1                     D  
               SDFFRS_X1                     Q  
               SDFFRS_X1                    QN  
               SDFFRS_X1                    RN  
               SDFFRS_X1                    SE  
               SDFFRS_X1                    SI  
               SDFFRS_X1                    SN  
               SDFFRS_X2                    CK  
               SDFFRS_X2                     D  
               SDFFRS_X2                     Q  
               SDFFRS_X2                    QN  
               SDFFRS_X2                    RN  
               SDFFRS_X2                    SE  
               SDFFRS_X2                    SI  
               SDFFRS_X2                    SN  
                SDFFR_X1                    CK  
                SDFFR_X1                     D  
                SDFFR_X1                     Q  
                SDFFR_X1                    QN  
                SDFFR_X1                    RN  
                SDFFR_X1                    SE  
                SDFFR_X1                    SI  
                SDFFR_X2                    CK  
                SDFFR_X2                     D  
                SDFFR_X2                     Q  
                SDFFR_X2                    QN  
                SDFFR_X2                    RN  
                SDFFR_X2                    SE  
                SDFFR_X2                    SI  
                SDFFS_X1                    CK  
                SDFFS_X1                     D  
                SDFFS_X1                     Q  
                SDFFS_X1                    QN  
                SDFFS_X1                    SE  
                SDFFS_X1                    SI  
                SDFFS_X1                    SN  
                SDFFS_X2                    CK  
                SDFFS_X2                     D  
                SDFFS_X2                     Q  
                SDFFS_X2                    QN  
                SDFFS_X2                    SE  
                SDFFS_X2                    SI  
                SDFFS_X2                    SN  
                 SDFF_X1                    CK  
                 SDFF_X1                     D  
                 SDFF_X1                     Q  
                 SDFF_X1                    QN  
                 SDFF_X1                    SE  
                 SDFF_X1                    SI  
                 SDFF_X2                    CK  
                 SDFF_X2                     D  
                 SDFF_X2                     Q  
                 SDFF_X2                    QN  
                 SDFF_X2                    SE  
                 SDFF_X2                    SI  
                 TBUF_X1                     A  
                 TBUF_X1                    EN  
                 TBUF_X1                     Z  
                TBUF_X16                     A  
                TBUF_X16                    EN  
                TBUF_X16                     Z  
                 TBUF_X2                     A  
                 TBUF_X2                    EN  
                 TBUF_X2                     Z  
                 TBUF_X4                     A  
                 TBUF_X4                    EN  
                 TBUF_X4                     Z  
                 TBUF_X8                     A  
                 TBUF_X8                    EN  
                 TBUF_X8                     Z  
                 TINV_X1                    EN  
                 TINV_X1                     I  
                 TINV_X1                    ZN  
                 TLAT_X1                     D  
                 TLAT_X1                     G  
                 TLAT_X1                    OE  
                 TLAT_X1                     Q  
                XNOR2_X1                     A  
                XNOR2_X1                     B  
                XNOR2_X1                    ZN  
                XNOR2_X2                     A  
                XNOR2_X2                     B  
                XNOR2_X2                    ZN  
                 XOR2_X1                     A  
                 XOR2_X1                     B  
                 XOR2_X1                     Z  
                 XOR2_X2                     A  
                 XOR2_X2                     B  
                 XOR2_X2                     Z  For more information click here  
# Cells Missing LEF Info: 0  
# Cells with Dimension Errors: 0  

==============================
Netlist Information
==============================
# HFO (>200) Nets: 2  
    General Caution:
        1) These nets will affect your zero wireload timing analysis. You should cross-reference this list against your timing report to see if these nets are the reason for failing paths. Since physical buffer trees will be created during optimization, large delays should be reduced.

        2) Consider using CTS to build physical trees for these nets, if you are not satisfied with the default optimization output.

    HFO (>200) Nets  Fanout  
              reset    1483  
                CLK    1483  
# No-driven Nets: 225  
    General Caution:
        1) TODO
    No-driven Nets  
    UUT/Mpath/the_alu/lt_120/EQ_NE  
    UUT/Mpath/the_alu/lt_114/EQ_NE  
    UUT/Mpath/the_shift/S_SRA/sra_106/A[31]  
    UUT/Mpath/the_alu/add_95/CO  
    UUT/Mpath/the_alu/sub_96/CO  
    r771/GE  
    r771/LE  
    r771/GT  
    r771/LT  
    UUT/Mcontrol/Nextpc_decoding/incr/add_391/carry[3]  
    UUT/Mcontrol/Nextpc_decoding/incr/add_391/A[0]  
    UUT/Mcontrol/Nextpc_decoding/incr/add_391/A[1]  
    UUT/Mcontrol/Nextpc_decoding/incr/add_391/CO  
    UUT/Mcontrol/Nextpc_decoding/bta_calc/add_391/CO  
    UUT/Mpath/the_mult/accumulate/add_391/CO  
    SYNOPSYS_UNCONNECTED__2  
    SYNOPSYS_UNCONNECTED__1  
    SYNOPSYS_UNCONNECTED__0  
    UUT/Mpath/the_shift/sh_sra[31]  
    UUT/Mcontrol/d_sampled_finstr[26]  
    UUT/Mcontrol/d_sampled_finstr[27]  
    UUT/Mcontrol/d_sampled_finstr[28]  
    UUT/Mcontrol/d_instr[8]  
    UUT/Mcontrol/d_instr[9]  
    UUT/Mcontrol/d_instr[10]  
    UUT/Mcontrol/d_instr[11]  
    UUT/Mcontrol/d_instr[12]  
    UUT/Mcontrol/d_instr[13]  
    UUT/Mcontrol/d_instr[14]  
    UUT/Mcontrol/d_instr[15]  
    UUT/Mcontrol/d_instr[16]  
    UUT/Mcontrol/d_instr[17]  
    UUT/Mcontrol/d_instr[18]  
    UUT/Mcontrol/d_instr[19]  
    UUT/Mcontrol/d_instr[20]  
    UUT/Mcontrol/d_instr[21]  
    UUT/Mcontrol/d_instr[22]  
    UUT/Mcontrol/d_instr[23]  
    UUT/Mcontrol/d_instr[24]  
    UUT/Mcontrol/d_instr[25]  
    UUT/Mcontrol/x_mul_command[1]  
    UUT/Mcontrol/x_mul_command[2]  
    UUT/daddr_out[2]  
    UUT/daddr_out[3]  
    UUT/daddr_out[4]  
    UUT/daddr_out[5]  
    UUT/daddr_out[6]  
    UUT/daddr_out[7]  
    UUT/daddr_out[8]  
    UUT/daddr_out[9]  
    UUT/daddr_out[10]  
    UUT/daddr_out[11]  
    UUT/daddr_out[12]  
    UUT/daddr_out[13]  
    UUT/daddr_out[14]  
    UUT/daddr_out[15]  
    UUT/daddr_out[16]  
    UUT/daddr_out[17]  
    UUT/daddr_out[18]  
    UUT/daddr_out[19]  
    UUT/daddr_out[20]  
    UUT/daddr_out[21]  
    UUT/daddr_out[22]  
    UUT/daddr_out[23]  
    UUT/daddr_out[24]  
    UUT/daddr_out[25]  
    UUT/daddr_out[26]  
    UUT/daddr_out[27]  
    UUT/daddr_out[28]  
    UUT/daddr_out[29]  
    UUT/daddr_out[30]  
    UUT/daddr_out[31]  
    UUT/rd_addr[0]  
    UUT/rd_addr[4]  
    UUT/jar_in[0]  
    UUT/jar_in[1]  
    d_select[0]  
    d_select[1]  
    d_select[2]  
    d_select[3]  
    d_select[4]  
    d_select[5]  
    d_select[6]  
    d_select[8]  
    d_select[10]  
    d_select[11]  
    d_select[12]  
    d_select[13]  
    d_select[14]  
    d_select[15]  
    d_select[16]  
    d_select[17]  
    d_select[18]  
    d_select[19]  
    d_select[20]  
    d_select[21]  
    d_select[22]  
    d_select[24]  
    d_select[25]  
    d_select[26]  
    d_select[27]  
    d_select[28]  
    d_select[29]  
    d_select[30]  
    dram_data_inbus[0]  
    dram_data_inbus[1]  
    dram_data_inbus[2]  
    dram_data_inbus[3]  
    dram_data_inbus[4]  
    dram_data_inbus[5]  
    dram_data_inbus[6]  
    dram_data_inbus[7]  
    dram_data_inbus[8]  
    dram_data_inbus[9]  
    dram_data_inbus[10]  
    dram_data_inbus[11]  
    dram_data_inbus[12]  
    dram_data_inbus[13]  
    dram_data_inbus[14]  
    dram_data_inbus[15]  
    dram_data_inbus[16]  
    dram_data_inbus[17]  
    dram_data_inbus[18]  
    dram_data_inbus[19]  
    dram_data_inbus[20]  
    dram_data_inbus[21]  
    dram_data_inbus[22]  
    dram_data_inbus[23]  
    dram_data_inbus[24]  
    dram_data_inbus[25]  
    dram_data_inbus[26]  
    dram_data_inbus[27]  
    dram_data_inbus[28]  
    dram_data_inbus[29]  
    dram_data_inbus[30]  
    dram_data_inbus[31]  
    D_DATA_OUTBUS[8]  
    D_DATA_OUTBUS[9]  
    D_DATA_OUTBUS[10]  
    D_DATA_OUTBUS[11]  
    D_DATA_OUTBUS[12]  
    D_DATA_OUTBUS[13]  
    D_DATA_OUTBUS[14]  
    D_DATA_OUTBUS[15]  
    D_DATA_OUTBUS[16]  
    D_DATA_OUTBUS[17]  
    D_DATA_OUTBUS[18]  
    D_DATA_OUTBUS[19]  
    D_DATA_OUTBUS[20]  
    D_DATA_OUTBUS[21]  
    D_DATA_OUTBUS[22]  
    D_DATA_OUTBUS[23]  
    D_DATA_OUTBUS[24]  
    D_DATA_OUTBUS[25]  
    D_DATA_OUTBUS[26]  
    D_DATA_OUTBUS[27]  
    D_DATA_OUTBUS[28]  
    D_DATA_OUTBUS[29]  
    D_DATA_OUTBUS[30]  
    D_DATA_OUTBUS[31]  
    D_ADDR_OUTBUS[2]  
    D_ADDR_OUTBUS[3]  
    D_ADDR_OUTBUS[4]  
    D_ADDR_OUTBUS[5]  
    D_ADDR_OUTBUS[6]  
    D_ADDR_OUTBUS[7]  
    D_ADDR_OUTBUS[8]  
    D_ADDR_OUTBUS[9]  
    D_ADDR_OUTBUS[10]  
    D_ADDR_OUTBUS[11]  
    D_ADDR_OUTBUS[12]  
    D_ADDR_OUTBUS[13]  
    D_ADDR_OUTBUS[14]  
    D_ADDR_OUTBUS[15]  
    D_ADDR_OUTBUS[16]  
    D_ADDR_OUTBUS[17]  
    D_ADDR_OUTBUS[18]  
    D_ADDR_OUTBUS[19]  
    D_ADDR_OUTBUS[20]  
    D_ADDR_OUTBUS[21]  
    D_ADDR_OUTBUS[22]  
    D_ADDR_OUTBUS[23]  
    D_ADDR_OUTBUS[24]  
    D_ADDR_OUTBUS[25]  
    D_ADDR_OUTBUS[26]  
    D_ADDR_OUTBUS[27]  
    D_ADDR_OUTBUS[28]  
    D_ADDR_OUTBUS[29]  
    D_ADDR_OUTBUS[30]  
    D_ADDR_OUTBUS[31]  
    I_DATA_INBUS[0]  
    I_DATA_INBUS[1]  
    I_DATA_INBUS[2]  
    I_DATA_INBUS[3]  
    I_DATA_INBUS[4]  
    I_DATA_INBUS[5]  
    I_DATA_INBUS[6]  
    I_DATA_INBUS[7]  
    I_DATA_INBUS[8]  
    I_DATA_INBUS[9]  
    I_DATA_INBUS[10]  
    I_DATA_INBUS[11]  
    I_DATA_INBUS[12]  
    I_DATA_INBUS[13]  
    I_DATA_INBUS[14]  
    I_DATA_INBUS[15]  
    I_DATA_INBUS[16]  
    I_DATA_INBUS[17]  
    I_DATA_INBUS[18]  
    I_DATA_INBUS[19]  
    I_DATA_INBUS[20]  
    I_DATA_INBUS[21]  
    I_DATA_INBUS[22]  
    I_DATA_INBUS[23]  
    I_DATA_INBUS[24]  
    I_DATA_INBUS[25]  
    I_DATA_INBUS[26]  
    I_DATA_INBUS[27]  
    I_DATA_INBUS[28]  
    I_DATA_INBUS[29]  
    I_DATA_INBUS[30]  
    I_DATA_INBUS[31]  
    UUT/Mcontrol/int_reset  
    FE_UNCONNECTED_0  
    FE_UNCONNECTED_1  
# Multi-driven Nets: 0  
# Assign Statements: 9  
    General Caution:
        1) The assignment statements can impact CTS and IPO.
        2) You can use "setDoAssign" properly to slove the problem.
    
    Verilog File Name: ./inputs/up_island.ref.v  
    Module Name: up_island_DW01_add_2  
    carry[3] = A[2]  
    A[0] = A[0]  
    SUM[0] = A[0]  
    A[1] = A[1]  
    SUM[1] = A[1]  
    
    Verilog File Name: ./inputs/up_island.ref.v  
    Module Name: up_island_DW_sra_1  
    A[31] = A[31]  
    B[31] = A[31]  
    
    Verilog File Name: ./inputs/up_island.ref.v  
    Module Name: up_island  
    UUT/Mcontrol/int_reset = reset  
    BUS_BUSY = 1'b1  
Is Design Uniquified: YES  
# Pins in Netlist without timing lib: 0  

==============================

==============================
: Internal  External  
No of Nets:      14198           0  
No of Connections:      36078           0  
Total Net Length (X): 8.1861e+04  0.0000e+00  
Total Net Length (Y): 7.6972e+04  0.0000e+00  
Total Net Length: 1.5883e+05  0.0000e+00  

==============================
Timing Information
==============================
# Clocks in design: 0  
# Generated clocks: 0  
# "dont_use" cells from .libs: 
    ------------------------------
    Dont_use Cell List
    ------------------------------
    ANTENNA_X1  
    ANTENNA_X1  
    FILLCELL_X1  
    FILLCELL_X1  
    FILLCELL_X16  
    FILLCELL_X16  
    FILLCELL_X2  
    FILLCELL_X2  
    FILLCELL_X32  
    FILLCELL_X32  
    FILLCELL_X4  
    FILLCELL_X4  
    FILLCELL_X8  
    FILLCELL_X8  
    LOGIC0_X1  
    LOGIC0_X1  
    LOGIC1_X1  
    LOGIC1_X1  18  
# "dont_touch" cells from .libs: 
    ------------------------------
    Dont_touch Cell List
    ------------------------------
    ANTENNA_X1  
    ANTENNA_X1  
    FILLCELL_X1  
    FILLCELL_X1  
    FILLCELL_X16  
    FILLCELL_X16  
    FILLCELL_X2  
    FILLCELL_X2  
    FILLCELL_X32  
    FILLCELL_X32  
    FILLCELL_X4  
    FILLCELL_X4  
    FILLCELL_X8  
    FILLCELL_X8  
    LOGIC0_X1  
    LOGIC0_X1  
    LOGIC1_X1  
    LOGIC1_X1  18  
# Cells in .lib with max_tran: 
    ------------------------------
    Cell List with max_tran
    ------------------------------
               Cell Name  Max Transition (ps)  
                 AND2_X1  500  
                 AND2_X1  500  
                 AND2_X2  500  
                 AND2_X2  500  
                 AND2_X4  500  
                 AND2_X4  500  
                 AND3_X1  500  
                 AND3_X1  500  
                 AND3_X2  500  
                 AND3_X2  500  
                 AND3_X4  500  
                 AND3_X4  500  
                 AND4_X1  500  
                 AND4_X1  500  
                 AND4_X2  500  
                 AND4_X2  500  
                 AND4_X4  500  
                 AND4_X4  500  
              ANTENNA_X1  500  
              ANTENNA_X1  500  
               AOI211_X1  500  
               AOI211_X1  500  
               AOI211_X2  500  
               AOI211_X2  500  
               AOI211_X4  500  
               AOI211_X4  500  
                AOI21_X1  500  
                AOI21_X1  500  
                AOI21_X2  500  
                AOI21_X2  500  
                AOI21_X4  500  
                AOI21_X4  500  
               AOI221_X1  500  
               AOI221_X1  500  
               AOI221_X2  500  
               AOI221_X2  500  
               AOI221_X4  500  
               AOI221_X4  500  
               AOI222_X1  500  
               AOI222_X1  500  
               AOI222_X2  500  
               AOI222_X2  500  
               AOI222_X4  500  
               AOI222_X4  500  
                AOI22_X1  500  
                AOI22_X1  500  
                AOI22_X2  500  
                AOI22_X2  500  
                AOI22_X4  500  
                AOI22_X4  500  
                  BUF_X1  500  
                  BUF_X1  500  
                 BUF_X16  500  
                 BUF_X16  500  
                  BUF_X2  500  
                  BUF_X2  500  
                 BUF_X32  500  
                 BUF_X32  500  
                  BUF_X4  500  
                  BUF_X4  500  
                  BUF_X8  500  
                  BUF_X8  500  
               CLKBUF_X1  500  
               CLKBUF_X1  500  
               CLKBUF_X2  500  
               CLKBUF_X2  500  
               CLKBUF_X3  500  
               CLKBUF_X3  500  
           CLKGATETST_X1  500  
           CLKGATETST_X1  500  
           CLKGATETST_X2  500  
           CLKGATETST_X2  500  
           CLKGATETST_X4  500  
           CLKGATETST_X4  500  
           CLKGATETST_X8  500  
           CLKGATETST_X8  500  
              CLKGATE_X1  500  
              CLKGATE_X1  500  
              CLKGATE_X2  500  
              CLKGATE_X2  500  
              CLKGATE_X4  500  
              CLKGATE_X4  500  
              CLKGATE_X8  500  
              CLKGATE_X8  500  
                DFFRS_X1  500  
                DFFRS_X1  500  
                DFFRS_X2  500  
                DFFRS_X2  500  
                 DFFR_X1  500  
                 DFFR_X1  500  
                 DFFR_X2  500  
                 DFFR_X2  500  
                 DFFS_X1  500  
                 DFFS_X1  500  
                 DFFS_X2  500  
                 DFFS_X2  500  
                  DFF_X1  500  
                  DFF_X1  500  
                  DFF_X2  500  
                  DFF_X2  500  
                  DLH_X1  500  
                  DLH_X1  500  
                  DLH_X2  500  
                  DLH_X2  500  
                  DLL_X1  500  
                  DLL_X1  500  
                  DLL_X2  500  
                  DLL_X2  500  
                   FA_X1  500  
                   FA_X1  500  
                   HA_X1  500  
                   HA_X1  500  
                  INV_X1  500  
                  INV_X1  500  
                 INV_X16  500  
                 INV_X16  500  
                  INV_X2  500  
                  INV_X2  500  
                 INV_X32  500  
                 INV_X32  500  
                  INV_X4  500  
                  INV_X4  500  
                  INV_X8  500  
                  INV_X8  500  
               LOGIC0_X1  500  
               LOGIC0_X1  500  
               LOGIC1_X1  500  
               LOGIC1_X1  500  
                 MUX2_X1  500  
                 MUX2_X1  500  
                 MUX2_X2  500  
                 MUX2_X2  500  
                NAND2_X1  500  
                NAND2_X1  500  
                NAND2_X2  500  
                NAND2_X2  500  
                NAND2_X4  500  
                NAND2_X4  500  
                NAND3_X1  500  
                NAND3_X1  500  
                NAND3_X2  500  
                NAND3_X2  500  
                NAND3_X4  500  
                NAND3_X4  500  
                NAND4_X1  500  
                NAND4_X1  500  
                NAND4_X2  500  
                NAND4_X2  500  
                NAND4_X4  500  
                NAND4_X4  500  
                 NOR2_X1  500  
                 NOR2_X1  500  
                 NOR2_X2  500  
                 NOR2_X2  500  
                 NOR2_X4  500  
                 NOR2_X4  500  
                 NOR3_X1  500  
                 NOR3_X1  500  
                 NOR3_X2  500  
                 NOR3_X2  500  
                 NOR3_X4  500  
                 NOR3_X4  500  
                 NOR4_X1  500  
                 NOR4_X1  500  
                 NOR4_X2  500  
                 NOR4_X2  500  
                 NOR4_X4  500  
                 NOR4_X4  500  
               OAI211_X1  500  
               OAI211_X1  500  
               OAI211_X2  500  
               OAI211_X2  500  
               OAI211_X4  500  
               OAI211_X4  500  
                OAI21_X1  500  
                OAI21_X1  500  
                OAI21_X2  500  
                OAI21_X2  500  
                OAI21_X4  500  
                OAI21_X4  500  
               OAI221_X1  500  
               OAI221_X1  500  
               OAI221_X2  500  
               OAI221_X2  500  
               OAI221_X4  500  
               OAI221_X4  500  
               OAI222_X1  500  
               OAI222_X1  500  
               OAI222_X2  500  
               OAI222_X2  500  
               OAI222_X4  500  
               OAI222_X4  500  
                OAI22_X1  500  
                OAI22_X1  500  
                OAI22_X2  500  
                OAI22_X2  500  
                OAI22_X4  500  
                OAI22_X4  500  
                OAI33_X1  500  
                OAI33_X1  500  
                  OR2_X1  500  
                  OR2_X1  500  
                  OR2_X2  500  
                  OR2_X2  500  
                  OR2_X4  500  
                  OR2_X4  500  
                  OR3_X1  500  
                  OR3_X1  500  
                  OR3_X2  500  
                  OR3_X2  500  
                  OR3_X4  500  
                  OR3_X4  500  
                  OR4_X1  500  
                  OR4_X1  500  
                  OR4_X2  500  
                  OR4_X2  500  
                  OR4_X4  500  
                  OR4_X4  500  
               SDFFRS_X1  500  
               SDFFRS_X1  500  
               SDFFRS_X2  500  
               SDFFRS_X2  500  
                SDFFR_X1  500  
                SDFFR_X1  500  
                SDFFR_X2  500  
                SDFFR_X2  500  
                SDFFS_X1  500  
                SDFFS_X1  500  
                SDFFS_X2  500  
                SDFFS_X2  500  
                 SDFF_X1  500  
                 SDFF_X1  500  
                 SDFF_X2  500  
                 SDFF_X2  500  
                 TBUF_X1  500  
                 TBUF_X1  500  
                TBUF_X16  500  
                TBUF_X16  500  
                 TBUF_X2  500  
                 TBUF_X2  500  
                 TBUF_X4  500  
                 TBUF_X4  500  
                 TBUF_X8  500  
                 TBUF_X8  500  
                 TINV_X1  500  
                 TINV_X1  500  
                 TLAT_X1  500  
                 TLAT_X1  500  
                XNOR2_X1  500  
                XNOR2_X1  500  
                XNOR2_X2  500  
                XNOR2_X2  500  
                 XOR2_X1  500  
                 XOR2_X1  500  
                 XOR2_X2  500  
                 XOR2_X2  500  256  
# Cells in .lib with max_cap: 
    ------------------------------
    Cell List with max_cap
    ------------------------------
               Cell Name  Max Capacitance (pf)  
                 AND2_X1  0.060494  
                 AND2_X1  0.060494  
                 AND2_X2  0.120821  
                 AND2_X2  0.120821  
                 AND2_X4  0.241652  
                 AND2_X4  0.241652  
                 AND3_X1  0.060380  
                 AND3_X1  0.060380  
                 AND3_X2  0.120544  
                 AND3_X2  0.120544  
                 AND3_X4  0.241089  
                 AND3_X4  0.241089  
                 AND4_X1  0.060215  
                 AND4_X1  0.060215  
                 AND4_X2  0.120339  
                 AND4_X2  0.120339  
                 AND4_X4  0.240849  
                 AND4_X4  0.240849  
               AOI211_X1  0.014473  
               AOI211_X1  0.014473  
               AOI211_X2  0.028926  
               AOI211_X2  0.028926  
               AOI211_X4  0.242306  
               AOI211_X4  0.242306  
                AOI21_X1  0.025274  
                AOI21_X1  0.025274  
                AOI21_X2  0.050610  
                AOI21_X2  0.050610  
                AOI21_X4  0.101013  
                AOI21_X4  0.101013  
               AOI221_X1  0.013799  
               AOI221_X1  0.013799  
               AOI221_X2  0.027532  
               AOI221_X2  0.027532  
               AOI221_X4  0.242260  
               AOI221_X4  0.242260  
               AOI222_X1  0.012968  
               AOI222_X1  0.012968  
               AOI222_X2  0.025578  
               AOI222_X2  0.025578  
               AOI222_X4  0.242254  
               AOI222_X4  0.242254  
                AOI22_X1  0.024574  
                AOI22_X1  0.024574  
                AOI22_X2  0.049060  
                AOI22_X2  0.049060  
                AOI22_X4  0.097961  
                AOI22_X4  0.097961  
                  BUF_X1  0.060631  
                  BUF_X1  0.060631  
                 BUF_X16  0.965358  
                 BUF_X16  0.965358  
                  BUF_X2  0.121101  
                  BUF_X2  0.121101  
                 BUF_X32  1.904300  
                 BUF_X32  1.904300  
                  BUF_X4  0.242237  
                  BUF_X4  0.242237  
                  BUF_X8  0.483910  
                  BUF_X8  0.483910  
               CLKBUF_X1  0.060696  
               CLKBUF_X1  0.060696  
               CLKBUF_X2  0.121307  
               CLKBUF_X2  0.121307  
               CLKBUF_X3  0.181867  
               CLKBUF_X3  0.181867  
           CLKGATETST_X1  0.060730  
           CLKGATETST_X1  0.060730  
           CLKGATETST_X2  0.121361  
           CLKGATETST_X2  0.121361  
           CLKGATETST_X4  0.242584  
           CLKGATETST_X4  0.242584  
           CLKGATETST_X8  0.483984  
           CLKGATETST_X8  0.483984  
              CLKGATE_X1  0.060700  
              CLKGATE_X1  0.060700  
              CLKGATE_X2  0.121242  
              CLKGATE_X2  0.121242  
              CLKGATE_X4  0.242310  
              CLKGATE_X4  0.242310  
              CLKGATE_X8  0.484125  
              CLKGATE_X8  0.484125  
                DFFRS_X1  0.060603  
                DFFRS_X1  0.060603  
                DFFRS_X2  0.120693  
                DFFRS_X2  0.120693  
                 DFFR_X1  0.060577  
                 DFFR_X1  0.060577  
                 DFFR_X2  0.120850  
                 DFFR_X2  0.120850  
                 DFFS_X1  0.060654  
                 DFFS_X1  0.060654  
                 DFFS_X2  0.120996  
                 DFFS_X2  0.120996  
                  DFF_X1  0.060730  
                  DFF_X1  0.060730  
                  DFF_X2  0.121155  
                  DFF_X2  0.121155  
                  DLH_X1  0.060543  
                  DLH_X1  0.060543  
                  DLH_X2  0.120697  
                  DLH_X2  0.120697  
                  DLL_X1  0.060261  
                  DLL_X1  0.060261  
                  DLL_X2  0.120544  
                  DLL_X2  0.120544  
                   FA_X1  0.060120  
                   FA_X1  0.060120  
                   HA_X1  0.060544  
                   HA_X1  0.060544  
                  INV_X1  0.060688  
                  INV_X1  0.060688  
                 INV_X16  0.968217  
                 INV_X16  0.968217  
                  INV_X2  0.121264  
                  INV_X2  0.121264  
                 INV_X32  1.922333  
                 INV_X32  1.922333  
                  INV_X4  0.242693  
                  INV_X4  0.242693  
                  INV_X8  0.485108  
                  INV_X8  0.485108  
                 MUX2_X1  0.060462  
                 MUX2_X1  0.060462  
                 MUX2_X2  0.120798  
                 MUX2_X2  0.120798  
                NAND2_X1  0.059345  
                NAND2_X1  0.059345  
                NAND2_X2  0.118669  
                NAND2_X2  0.118669  
                NAND2_X4  0.237363  
                NAND2_X4  0.237363  
                NAND3_X1  0.058309  
                NAND3_X1  0.058309  
                NAND3_X2  0.116272  
                NAND3_X2  0.116272  
                NAND3_X4  0.232839  
                NAND3_X4  0.232839  
                NAND4_X1  0.055968  
                NAND4_X1  0.055968  
                NAND4_X2  0.111503  
                NAND4_X2  0.111503  
                NAND4_X4  0.222778  
                NAND4_X4  0.222778  
                 NOR2_X1  0.026647  
                 NOR2_X1  0.026647  
                 NOR2_X2  0.053302  
                 NOR2_X2  0.053302  
                 NOR2_X4  0.106783  
                 NOR2_X4  0.106783  
                 NOR3_X1  0.015981  
                 NOR3_X1  0.015981  
                 NOR3_X2  0.031692  
                 NOR3_X2  0.031692  
                 NOR3_X4  0.063202  
                 NOR3_X4  0.063202  
                 NOR4_X1  0.010456  
                 NOR4_X1  0.010456  
                 NOR4_X2  0.020876  
                 NOR4_X2  0.020876  
                 NOR4_X4  0.041492  
                 NOR4_X4  0.041492  
               OAI211_X1  0.025538  
               OAI211_X1  0.025538  
               OAI211_X2  0.050802  
               OAI211_X2  0.050802  
               OAI211_X4  0.101443  
               OAI211_X4  0.101443  
                OAI21_X1  0.026022  
                OAI21_X1  0.026022  
                OAI21_X2  0.052030  
                OAI21_X2  0.052030  
                OAI21_X4  0.104065  
                OAI21_X4  0.104065  
               OAI221_X1  0.022146  
               OAI221_X1  0.022146  
               OAI221_X2  0.043855  
               OAI221_X2  0.043855  
               OAI221_X4  0.242310  
               OAI221_X4  0.242310  
               OAI222_X1  0.020046  
               OAI222_X1  0.020046  
               OAI222_X2  0.039597  
               OAI222_X2  0.039597  
               OAI222_X4  0.242249  
               OAI222_X4  0.242249  
                OAI22_X1  0.023215  
                OAI22_X1  0.023215  
                OAI22_X2  0.046273  
                OAI22_X2  0.046273  
                OAI22_X4  0.092355  
                OAI22_X4  0.092355  
                OAI33_X1  0.011475  
                OAI33_X1  0.011475  
                  OR2_X1  0.060577  
                  OR2_X1  0.060577  
                  OR2_X2  0.121052  
                  OR2_X2  0.121052  
                  OR2_X4  0.242232  
                  OR2_X4  0.242232  
                  OR3_X1  0.060565  
                  OR3_X1  0.060565  
                  OR3_X2  0.121010  
                  OR3_X2  0.121010  
                  OR3_X4  0.242086  
                  OR3_X4  0.242086  
                  OR4_X1  0.060524  
                  OR4_X1  0.060524  
                  OR4_X2  0.120850  
                  OR4_X2  0.120850  
                  OR4_X4  0.241699  
                  OR4_X4  0.241699  
               SDFFRS_X1  0.060243  
               SDFFRS_X1  0.060243  
               SDFFRS_X2  0.120633  
               SDFFRS_X2  0.120633  
                SDFFR_X1  0.060425  
                SDFFR_X1  0.060425  
                SDFFR_X2  0.120544  
                SDFFR_X2  0.120544  
                SDFFS_X1  0.059916  
                SDFFS_X1  0.059916  
                SDFFS_X2  0.119165  
                SDFFS_X2  0.119165  
                 SDFF_X1  0.060577  
                 SDFF_X1  0.060577  
                 SDFF_X2  0.120544  
                 SDFF_X2  0.120544  
                 TBUF_X1  0.051536  
                 TBUF_X1  0.051536  
                TBUF_X16  0.820074  
                TBUF_X16  0.820074  
                 TBUF_X2  0.103551  
                 TBUF_X2  0.103551  
                 TBUF_X4  0.206681  
                 TBUF_X4  0.206681  
                 TBUF_X8  0.412598  
                 TBUF_X8  0.412598  
                 TINV_X1  0.022500  
                 TINV_X1  0.022500  
                 TLAT_X1  0.022583  
                 TLAT_X1  0.022583  
                XNOR2_X1  0.025960  
                XNOR2_X1  0.025960  
                XNOR2_X2  0.051917  
                XNOR2_X2  0.051917  
                 XOR2_X1  0.025271  
                 XOR2_X1  0.025271  
                 XOR2_X2  0.050422  
                 XOR2_X2  0.050422  250  
# Cells in .lib with max_fanout: 0  
SDC max_cap: N/A  
SDC max_tran: N/A  
SDC max_fanout: N/A  
Default Ext. Scale Factor: 1.000  
Detail Ext. Scale Factor: 1.000  

==============================
Floorplan/Placement Information
==============================
Total area of Standard cells: 22735.818 um^2  
Total area of Standard cells(Subtracting Physical Cells): 22735.818 um^2  
Total area of Macros: 0.000 um^2  
Total area of Blockages: 0.000 um^2  
Total area of Pad cells: 0.000 um^2  
Total area of Core: 31120.488 um^2  
Total area of Chip: 34051.316 um^2  
Effective Utilization: 7.3099e-01  
Number of Cell Rows: 126  
% Pure Gate Density #1 (Subtracting BLOCKAGES): 73.057%  
% Pure Gate Density #2 (Subtracting BLOCKAGES and Physical Cells): 73.057%  
% Pure Gate Density #3 (Subtracting MACROS): 73.057%  
% Pure Gate Density #4 (Subtracting MACROS and Physical Cells): 73.057%  
% Pure Gate Density #5 (Subtracting MACROS and BLOCKAGES): 73.057%  
% Pure Gate Density #6 (Subtracting MACROS and BLOCKAGES and Physical Cells): 73.057%  
% Core Density (Counting Std Cells and MACROs): 73.057%  
% Core Density #2(Subtracting Physical Cells): 73.057%  
% Chip Density (Counting Std Cells and MACROs and IOs): 66.769%  
% Chip Density #2(Subtracting Physical Cells): 66.769%  
# Macros within 5 sites of IO pad: No  
Macro halo defined?: No  

==============================
Wire Length Distribution
==============================
Total metal1 wire length: 5649.3950 um  
Total metal2 wire length: 57147.0750 um  
Total metal3 wire length: 81521.1600 um  
Total metal4 wire length: 40698.2800 um  
Total metal5 wire length: 27788.6000 um  
Total metal6 wire length: 0.0000 um  
Total metal7 wire length: 0.0000 um  
Total metal8 wire length: 0.0000 um  
Total metal9 wire length: 0.0000 um  
Total metal10 wire length: 0.0000 um  
Total wire length: 212804.5100 um  
Average wire length/net: 14.8172 um  
Area of Power Net Distribution: 
    ------------------------------
    Area of Power Net Distribution
    ------------------------------
    Layer Name  Area of Power Net  Routable Area  Percentage  
    metal1  1957.5296  31120.4880  6.2902%  
    metal2  0.0000  31120.4880  0.0000%  
    metal3  0.0000  31120.4880  0.0000%  
    metal4  0.0000  31120.4880  0.0000%  
    metal5  0.0000  31120.4880  0.0000%  
    metal6  0.0000  31120.4880  0.0000%  
    metal7  0.0000  31120.4880  0.0000%  
    metal8  0.0000  31120.4880  0.0000%  
    metal9  287.8720  31120.4880  0.9250%  
    metal10  2887.1360  31120.4880  9.2773%  For more information click here  
