Information: Updating design information... (UID-85)
Warning: Design 'up_island' contains 2 high-fanout nets. A fanout number of 1000 will be used for delay calculations involving these nets. (TIM-134)
 
****************************************
Report : reference
Design : up_island
Version: Z-2007.03-SP5
Date   : Mon Mar  3 14:05:38 2014
****************************************

Attributes:
    b - black box (unknown)
   bo - allows boundary optimization
    d - dont_touch
   mo - map_only
    h - hierarchical
    n - noncombinational
    r - removable
    s - synthetic operator
    u - contains unmapped logic

Reference          Library       Unit Area   Count    Total Area   Attributes
-----------------------------------------------------------------------------
AND2_X1            NangateOpenCellLibrary
                                  1.064000     119    126.616001  
AND2_X2            NangateOpenCellLibrary
                                  1.330000     119    158.270005  
AND2_X4            NangateOpenCellLibrary
                                  2.394000       4      9.576000  
AND3_X1            NangateOpenCellLibrary
                                  1.330000       8     10.640000  
AND3_X2            NangateOpenCellLibrary
                                  1.596000      26     41.495999  
AND3_X4            NangateOpenCellLibrary
                                  2.926000       4     11.704000  
AND4_X1            NangateOpenCellLibrary
                                  1.596000      44     70.223998  
AND4_X2            NangateOpenCellLibrary
                                  1.862000       1      1.862000  
AOI21_X1           NangateOpenCellLibrary
                                  1.064000      30     31.920000  
AOI21_X2           NangateOpenCellLibrary
                                  1.862000       1      1.862000  
AOI22_X1           NangateOpenCellLibrary
                                  1.330000     728    968.240031  
AOI22_X2           NangateOpenCellLibrary
                                  2.394000       6     14.364000  
AOI211_X1          NangateOpenCellLibrary
                                  1.330000      68     90.440003  
AOI221_X1          NangateOpenCellLibrary
                                  1.596000      93    148.427996  
AOI222_X1          NangateOpenCellLibrary
                                  2.128000     185    393.680004  
AOI222_X2          NangateOpenCellLibrary
                                  3.724000       3     11.172000  
BUF_X1             NangateOpenCellLibrary
                                  0.798000      20     15.960000  
BUF_X2             NangateOpenCellLibrary
                                  1.064000      22     23.408000  
BUF_X4             NangateOpenCellLibrary
                                  1.862000      29     53.998000  
BUF_X8             NangateOpenCellLibrary
                                  3.458000       1      3.458000  
DFFR_X1            NangateOpenCellLibrary
                                  5.320000    1393   7410.760239  n
DFFR_X2            NangateOpenCellLibrary
                                  5.852000      51    298.452012  n
DFFS_X1            NangateOpenCellLibrary
                                  5.320000      37    196.840006  n
DFFS_X2            NangateOpenCellLibrary
                                  5.586000       2     11.172000  n
INV_X1             NangateOpenCellLibrary
                                  0.532000    1138    605.416006  
INV_X2             NangateOpenCellLibrary
                                  0.798000     253    201.893994  
INV_X4             NangateOpenCellLibrary
                                  1.330000      19     25.270001  
INV_X8             NangateOpenCellLibrary
                                  2.394000       2      4.788000  
INV_X32            NangateOpenCellLibrary
                                  8.778000      34    298.451996  
NAND2_X1           NangateOpenCellLibrary
                                  0.798000     335    267.329993  
NAND2_X2           NangateOpenCellLibrary
                                  1.330000      19     25.270001  
NAND2_X4           NangateOpenCellLibrary
                                  2.394000       9     21.546000  
NAND3_X1           NangateOpenCellLibrary
                                  1.064000     140    148.960001  
NAND3_X2           NangateOpenCellLibrary
                                  1.862000      21     39.102000  
NAND3_X4           NangateOpenCellLibrary
                                  3.458000       5     17.290000  
NAND4_X1           NangateOpenCellLibrary
                                  1.330000      33     43.890001  
NAND4_X2           NangateOpenCellLibrary
                                  2.394000       1      2.394000  
NOR2_X1            NangateOpenCellLibrary
                                  0.798000     196    156.407996  
NOR2_X2            NangateOpenCellLibrary
                                  1.330000      15     19.950001  
NOR2_X4            NangateOpenCellLibrary
                                  2.394000      14     33.516001  
NOR3_X1            NangateOpenCellLibrary
                                  1.064000      57     60.648001  
NOR3_X2            NangateOpenCellLibrary
                                  1.862000       5      9.310000  
NOR3_X4            NangateOpenCellLibrary
                                  3.724000       1      3.724000  
NOR4_X1            NangateOpenCellLibrary
                                  1.330000      76    101.080003  
OAI21_X1           NangateOpenCellLibrary
                                  1.064000      88     93.632001  
OAI22_X1           NangateOpenCellLibrary
                                  1.330000    1374   1827.420059  
OAI22_X2           NangateOpenCellLibrary
                                  2.394000       2      4.788000  
OAI22_X4           NangateOpenCellLibrary
                                  4.522000       1      4.522000  
OAI211_X1          NangateOpenCellLibrary
                                  1.330000     112    148.960005  
OAI221_X1          NangateOpenCellLibrary
                                  1.596000     233    371.867990  
OAI221_X4          NangateOpenCellLibrary
                                  3.458000       8     27.664000  
OAI222_X1          NangateOpenCellLibrary
                                  2.128000     242    514.976005  
OAI222_X4          NangateOpenCellLibrary
                                  3.724000      27    100.547999  
OR2_X1             NangateOpenCellLibrary
                                  1.064000     168    178.752002  
OR2_X2             NangateOpenCellLibrary
                                  1.330000     440    585.200019  
OR2_X4             NangateOpenCellLibrary
                                  2.394000       2      4.788000  
OR3_X1             NangateOpenCellLibrary
                                  1.330000       2      2.660000  
OR3_X4             NangateOpenCellLibrary
                                  2.926000       1      2.926000  
SRAM               SRAM         589.722229       2   1179.444458  b, d
XNOR2_X1           NangateOpenCellLibrary
                                  1.596000      12     19.151999  
XOR2_X1            NangateOpenCellLibrary
                                  1.596000      39     62.243998  
up_island_DW01_add_0           1124.115996       1   1124.115996  h
up_island_DW01_add_1            129.275999       1    129.275999  h
up_island_DW01_add_2             60.116000       1     60.116000  h
up_island_DW01_add_3            247.379996       1    247.379996  h
up_island_DW01_bsh_1            352.715997       1    352.715997  h
up_island_DW01_cmp6_0            70.223999       1     70.223999  h
up_island_DW01_sub_0            289.939996       1    289.939996  h
up_island_DW_cmp_0              342.342003       1    342.342003  h
up_island_DW_cmp_1              342.342003       1    342.342003  h
up_island_DW_leftsh_1           339.415998       1    339.415998  h
up_island_DW_mult_tc_1         8370.754133       1   8370.754133  h
up_island_DW_rbsh_1             352.715997       1    352.715997  h
up_island_DW_rightsh_1          347.927998       1    347.927998  h
up_island_DW_sra_1              742.406008       1    742.406008  h
-----------------------------------------------------------------------------
Total 75 references                                 30431.996949
1
 
****************************************
Report : timing
        -path full
        -delay max
        -max_paths 1
        -transition_time
        -capacitance
Design : up_island
Version: Z-2007.03-SP5
Date   : Mon Mar  3 14:05:38 2014
****************************************

 # A fanout number of 1000 was used for high fanout net computations.

Operating Conditions: slow   Library: NangateOpenCellLibrary
Wire Load Model Mode: top

  Startpoint: UUT/Mcontrol/ir_fd/data_out_reg[31]
              (rising edge-triggered flip-flop clocked by CLK)
  Endpoint: UUT/Mcontrol/Program_counter/out_pc_reg[23]
            (rising edge-triggered flip-flop clocked by CLK)
  Path Group: CLK
  Path Type: max

  Des/Clust/Port     Wire Load Model       Library
  ------------------------------------------------
  up_island          5K_hvratio_1_1        NangateOpenCellLibrary

  Point                                          Cap     Trans      Incr       Path
  ------------------------------------------------------------------------------------
  clock CLK (rise edge)                                             0.00       0.00
  clock network delay (ideal)                                       0.00       0.00
  UUT/Mcontrol/ir_fd/data_out_reg[31]/CK (DFFR_X1)        0.00      0.00 #     0.00 r
  UUT/Mcontrol/ir_fd/data_out_reg[31]/Q (DFFR_X1)
                                                1.95      0.03      0.35       0.35 r
  U2567/ZN (INV_X1)                            10.46      0.03      0.06       0.41 f
  U5983/ZN (INV_X4)                            35.00      0.08      0.15       0.56 r
  UUT/Mcontrol/Operation_decoding32/I_0/ZN (INV_X2)
                                               14.81      0.03      0.11       0.67 f
  U5803/ZN (OR2_X1)                             1.93      0.03      0.20       0.88 f
  UUT/Mcontrol/Operation_decoding32/C2160/ZN (OR2_X2)
                                                1.93      0.03      0.19       1.06 f
  UUT/Mcontrol/Operation_decoding32/C2161/ZN (OR2_X2)
                                                1.93      0.03      0.18       1.25 f
  UUT/Mcontrol/Operation_decoding32/C2162/ZN (OR2_X2)
                                                1.93      0.03      0.18       1.43 f
  UUT/Mcontrol/Operation_decoding32/C2163/ZN (OR2_X2)
                                                4.01      0.03      0.19       1.63 f
  U5926/ZN (AND2_X2)                            7.86      0.02      0.13       1.75 f
  U5792/ZN (NAND3_X2)                           9.31      0.07      0.12       1.88 r
  U5097/ZN (INV_X1)                             7.65      0.03      0.07       1.95 f
  U5636/ZN (NAND4_X2)                          23.68      0.13      0.19       2.14 r
  U4873/ZN (INV_X1)                             1.91      0.03      0.06       2.20 f
  U4872/ZN (NAND3_X1)                           1.92      0.04      0.08       2.28 r
  U4871/ZN (OAI21_X1)                           3.84      0.04      0.08       2.36 f
  U5784/ZN (NAND2_X1)                           1.92      0.03      0.07       2.43 r
  U3394/ZN (OAI21_X1)                           4.63      0.04      0.08       2.51 f
  UUT/Mcontrol/Nextpc_decoding/bta_calc/add_391/B[0] (up_island_DW01_add_1)
                                                                    0.00       2.51 f
  UUT/Mcontrol/Nextpc_decoding/bta_calc/add_391/U36/ZN (AND2_X2)
                                                6.73      0.02      0.12       2.63 f
  UUT/Mcontrol/Nextpc_decoding/bta_calc/add_391/U52/ZN (NAND2_X1)
                                                3.77      0.05      0.09       2.72 r
  UUT/Mcontrol/Nextpc_decoding/bta_calc/add_391/U53/ZN (NAND3_X2)
                                                6.73      0.04      0.10       2.82 f
  UUT/Mcontrol/Nextpc_decoding/bta_calc/add_391/U58/ZN (NAND2_X1)
                                                1.91      0.03      0.08       2.90 r
  UUT/Mcontrol/Nextpc_decoding/bta_calc/add_391/U59/ZN (NAND3_X1)
                                                3.05      0.03      0.08       2.98 f
  UUT/Mcontrol/Nextpc_decoding/bta_calc/add_391/U1_3/CO (FA_X1)
                                                3.05      0.05      0.29       3.27 f
  UUT/Mcontrol/Nextpc_decoding/bta_calc/add_391/U1_4/CO (FA_X1)
                                                3.05      0.05      0.30       3.57 f
  UUT/Mcontrol/Nextpc_decoding/bta_calc/add_391/U1_5/CO (FA_X1)
                                                3.05      0.05      0.30       3.87 f
  UUT/Mcontrol/Nextpc_decoding/bta_calc/add_391/U1_6/CO (FA_X1)
                                                3.05      0.05      0.30       4.17 f
  UUT/Mcontrol/Nextpc_decoding/bta_calc/add_391/U1_7/CO (FA_X1)
                                                3.05      0.05      0.30       4.46 f
  UUT/Mcontrol/Nextpc_decoding/bta_calc/add_391/U1_8/CO (FA_X1)
                                                6.73      0.06      0.32       4.79 f
  UUT/Mcontrol/Nextpc_decoding/bta_calc/add_391/U29/ZN (NAND2_X1)
                                                3.89      0.06      0.11       4.90 r
  UUT/Mcontrol/Nextpc_decoding/bta_calc/add_391/U1/ZN (NAND3_X1)
                                                4.67      0.05      0.11       5.01 f
  UUT/Mcontrol/Nextpc_decoding/bta_calc/add_391/U33/ZN (NAND2_X1)
                                                1.91      0.03      0.08       5.09 r
  UUT/Mcontrol/Nextpc_decoding/bta_calc/add_391/U35/ZN (NAND3_X1)
                                                3.05      0.04      0.08       5.17 f
  UUT/Mcontrol/Nextpc_decoding/bta_calc/add_391/U1_11/CO (FA_X1)
                                                3.05      0.05      0.29       5.46 f
  UUT/Mcontrol/Nextpc_decoding/bta_calc/add_391/U1_12/CO (FA_X1)
                                                3.05      0.05      0.30       5.76 f
  UUT/Mcontrol/Nextpc_decoding/bta_calc/add_391/U1_13/CO (FA_X1)
                                                6.73      0.06      0.32       6.08 f
  UUT/Mcontrol/Nextpc_decoding/bta_calc/add_391/U41/ZN (NAND2_X1)
                                                3.89      0.06      0.11       6.20 r
  UUT/Mcontrol/Nextpc_decoding/bta_calc/add_391/U2/ZN (NAND3_X1)
                                                3.25      0.04      0.09       6.29 f
  UUT/Mcontrol/Nextpc_decoding/bta_calc/add_391/U46/ZN (NAND2_X1)
                                                1.88      0.03      0.08       6.37 r
  UUT/Mcontrol/Nextpc_decoding/bta_calc/add_391/U47/ZN (NAND3_X1)
                                                3.05      0.03      0.07       6.44 f
  UUT/Mcontrol/Nextpc_decoding/bta_calc/add_391/U1_16/CO (FA_X1)
                                                3.05      0.05      0.29       6.73 f
  UUT/Mcontrol/Nextpc_decoding/bta_calc/add_391/U1_17/CO (FA_X1)
                                                3.05      0.05      0.30       7.03 f
  UUT/Mcontrol/Nextpc_decoding/bta_calc/add_391/U1_18/CO (FA_X1)
                                                3.05      0.05      0.30       7.33 f
  UUT/Mcontrol/Nextpc_decoding/bta_calc/add_391/U1_19/CO (FA_X1)
                                                6.73      0.06      0.32       7.65 f
  UUT/Mcontrol/Nextpc_decoding/bta_calc/add_391/U9/ZN (NAND2_X1)
                                                3.77      0.05      0.11       7.77 r
  UUT/Mcontrol/Nextpc_decoding/bta_calc/add_391/U10/ZN (NAND3_X2)
                                                6.73      0.04      0.10       7.87 f
  UUT/Mcontrol/Nextpc_decoding/bta_calc/add_391/U15/ZN (NAND2_X1)
                                                1.91      0.04      0.08       7.95 r
  UUT/Mcontrol/Nextpc_decoding/bta_calc/add_391/U16/ZN (NAND3_X1)
                                                6.52      0.06      0.11       8.06 f
  UUT/Mcontrol/Nextpc_decoding/bta_calc/add_391/U22/ZN (NAND2_X1)
                                                1.91      0.03      0.08       8.14 r
  UUT/Mcontrol/Nextpc_decoding/bta_calc/add_391/U24/ZN (NAND3_X1)
                                                3.05      0.03      0.08       8.22 f
  UUT/Mcontrol/Nextpc_decoding/bta_calc/add_391/U1_23/S (FA_X1)
                                                1.88      0.05      0.37       8.59 f
  UUT/Mcontrol/Nextpc_decoding/bta_calc/add_391/SUM[23] (up_island_DW01_add_1)
                                                                    0.00       8.59 f
  U5897/ZN (NAND2_X1)                           1.88      0.03      0.08       8.67 r
  U5898/ZN (AND3_X2)                            1.88      0.03      0.12       8.79 r
  U5660/ZN (NAND2_X1)                           1.45      0.02      0.04       8.83 f
  UUT/Mcontrol/Program_counter/out_pc_reg[23]/D (DFFS_X1)
                                                          0.02      0.01       8.84 f
  data arrival time                                                            8.84

  clock CLK (rise edge)                                             9.00       9.00
  clock network delay (ideal)                                       0.00       9.00
  UUT/Mcontrol/Program_counter/out_pc_reg[23]/CK (DFFS_X1)          0.00       9.00 r
  library setup time                                               -0.16       8.84
  data required time                                                           8.84
  ------------------------------------------------------------------------------------
  data required time                                                           8.84
  data arrival time                                                           -8.84
  ------------------------------------------------------------------------------------
  slack (MET)                                                                  0.00


  Startpoint: reset (input port clocked by CLK)
  Endpoint: UUT/Mpath/regA/data_out_reg[2]/RN
            (internal path endpoint)
  Path Group: default
  Path Type: max

  Des/Clust/Port     Wire Load Model       Library
  ------------------------------------------------
  up_island          5K_hvratio_1_1        NangateOpenCellLibrary

  Point                                          Cap     Trans      Incr       Path
  ------------------------------------------------------------------------------------
  input external delay                                              0.20       0.20 r
  reset (in)                                 1883.03      1.00      0.00 #     0.20 r
  UUT/Mpath/regA/data_out_reg[2]/RN (DFFR_X2)             1.00      0.06 #     0.26 r
  data arrival time                                                            0.26

  max_delay                                                        40.00      40.00
  output external delay                                             0.00      40.00
  data required time                                                          40.00
  ------------------------------------------------------------------------------------
  data required time                                                          40.00
  data arrival time                                                           -0.26
  ------------------------------------------------------------------------------------
  slack (MET)                                                                 39.74


1
Loading db file '/ensc/fac1/fcampi/SOCLAB/LIBRARIES/NangateOpenCellLibrary_PDKv1_3_v2010_12/Front_End/DB/NangateOpenCellLibrary_slow.db'
Information: Propagating switching activity (low effort zero delay simulation). (PWR-6)
Warning: Design has unannotated primary inputs. (PWR-414)
Warning: Design has unannotated sequential cell outputs. (PWR-415)
Warning: Design has unannotated black-box outputs. (PWR-428)
 
****************************************
Report : power
        -analysis_effort low
Design : up_island
Version: Z-2007.03-SP5
Date   : Mon Mar  3 14:05:40 2014
****************************************


Library(s) Used:

    NangateOpenCellLibrary (File: /ensc/fac1/fcampi/SOCLAB/LIBRARIES/NangateOpenCellLibrary_PDKv1_3_v2010_12/Front_End/DB/NangateOpenCellLibrary_slow.db)
    SRAM (File: /ensc/grad1/cmc-16/ENSC400/UP_ISLAND/syn_045/SRAM.db)

Information: The library cell 'SRAM' in the library 'SRAM' is not characterized for internal power. (PWR-227)
Information: The design contains cells, other than constants and black boxes, that are not characterized for internal power. (PWR-228)

Operating Conditions: slow   Library: NangateOpenCellLibrary
Wire Load Model Mode: top

Design        Wire Load Model            Library
------------------------------------------------
up_island              5K_hvratio_1_1    NangateOpenCellLibrary


Global Operating Voltage = 0.95 
Power-specific unit information :
    Voltage Units = 1V
    Capacitance Units = 1.000000ff
    Time Units = 1ns
    Dynamic Power Units = 1uW    (derived from V,C,T units)
    Leakage Power Units = 1nW


  Cell Internal Power  = 974.2525 uW   (89%)
  Net Switching Power  = 117.3712 uW   (11%)
                         ---------
Total Dynamic Power    =   1.0916 mW  (100%)

Cell Leakage Power     = 494.0779 uW

1
