###############################################################
#  Generated by:      Cadence Encounter 09.10-p004_1
#  OS:                Linux i686(Host ID esl2-13)
#  Generated on:      Mon Mar  3 09:57:45 2014
#  Command:           summaryReport -outfile results/summary/01-importDesign...
###############################################################


==============================
General Design Information
==============================
Design Status: In memory  
Design Name: SRAM  
# Instances: 304  
# Hard Macros: 0  
# Std Cells: 304  
    ------------------------------
    Standard Cells in Netlist
    ------------------------------
               Cell Type   Instance Count  Area (um^2)  
                 AND2_X2               32          42.5600  
                AOI22_X1               32          42.5600  
               CLKBUF_X1                1           0.7980  
               CLKBUF_X2                1           1.0640  
                  DFF_X1               75         339.1500  
                  INV_X1               76          40.4320  
                  INV_X2                2           1.5960  
                OAI22_X1               43          57.1900  
                  OR2_X2               10          13.3000  
                 XOR2_X1               32          51.0720  
# Pads: 0  
# Net: 427  
# Special Net: 2  
# IO Pins: 
    ------------------------------
    Issued IO Information
    ------------------------------
    # Unplaced IO Pin  
        ------------------------------
        Unplaced IO
        ------------------------------
            Unplaced IO Name  
                 data_out[0]  
                 data_out[1]  
                 data_out[2]  
                 data_out[3]  
                 data_out[4]  
                 data_out[5]  
                 data_out[6]  
                 data_out[7]  
                 data_out[8]  
                 data_out[9]  
                data_out[10]  
                data_out[11]  
                data_out[12]  
                data_out[13]  
                data_out[14]  
                data_out[15]  
                data_out[16]  
                data_out[17]  
                data_out[18]  
                data_out[19]  
                data_out[20]  
                data_out[21]  
                data_out[22]  
                data_out[23]  
                data_out[24]  
                data_out[25]  
                data_out[26]  
                data_out[27]  
                data_out[28]  
                data_out[29]  
                data_out[30]  
                data_out[31]  
                  data_in[0]  
                  data_in[1]  
                  data_in[2]  
                  data_in[3]  
                  data_in[4]  
                  data_in[5]  
                  data_in[6]  
                  data_in[7]  
                  data_in[8]  
                  data_in[9]  
                 data_in[10]  
                 data_in[11]  
                 data_in[12]  
                 data_in[13]  
                 data_in[14]  
                 data_in[15]  
                 data_in[16]  
                 data_in[17]  
                 data_in[18]  
                 data_in[19]  
                 data_in[20]  
                 data_in[21]  
                 data_in[22]  
                 data_in[23]  
                 data_in[24]  
                 data_in[25]  
                 data_in[26]  
                 data_in[27]  
                 data_in[28]  
                 data_in[29]  
                 data_in[30]  
                 data_in[31]  
                  bit_wen[0]  
                  bit_wen[1]  
                  bit_wen[2]  
                  bit_wen[3]  
                  bit_wen[4]  
                  bit_wen[5]  
                  bit_wen[6]  
                  bit_wen[7]  
                  bit_wen[8]  
                  bit_wen[9]  
                 bit_wen[10]  
                 bit_wen[11]  
                 bit_wen[12]  
                 bit_wen[13]  
                 bit_wen[14]  
                 bit_wen[15]  
                 bit_wen[16]  
                 bit_wen[17]  
                 bit_wen[18]  
                 bit_wen[19]  
                 bit_wen[20]  
                 bit_wen[21]  
                 bit_wen[22]  
                 bit_wen[23]  
                 bit_wen[24]  
                 bit_wen[25]  
                 bit_wen[26]  
                 bit_wen[27]  
                 bit_wen[28]  
                 bit_wen[29]  
                 bit_wen[30]  
                 bit_wen[31]  
                  address[0]  
                  address[1]  
                  address[2]  
                  address[3]  
                  address[4]  
                  address[5]  
                  address[6]  
                  address[7]  
                  address[8]  
                  address[9]  
                 address[10]  
                         wrn  
                         rdn  
                         clk  110  
    # Floating IO  0  
    # IO Connected to Non-IO Inst  
        ------------------------------
        IO Connected to Non-IO Inst
        ------------------------------
                     IO Name      Non-IO Inst Name  
                 data_out[0]                  U153  
                 data_out[1]                  U131  
                 data_out[2]                  U109  
                 data_out[3]                  U103  
                 data_out[4]                  U101  
                 data_out[5]                   U99  
                 data_out[6]                   U97  
                 data_out[7]                   U95  
                 data_out[8]                   U93  
                 data_out[9]                   U91  
                data_out[10]                  U151  
                data_out[11]                  U149  
                data_out[12]                  U147  
                data_out[13]                  U145  
                data_out[14]                  U143  
                data_out[15]                  U141  
                data_out[16]                  U139  
                data_out[17]                  U137  
                data_out[18]                  U135  
                data_out[19]                  U133  
                data_out[20]                  U129  
                data_out[21]                  U127  
                data_out[22]                  U125  
                data_out[23]                  U123  
                data_out[24]                  U121  
                data_out[25]                  U119  
                data_out[26]                  U117  
                data_out[27]                  U115  
                data_out[28]                  U113  
                data_out[29]                  U111  
                data_out[30]                  U107  
                data_out[31]                  U105  
                  data_in[0]                    U4  
                  data_in[1]                    U6  
                  data_in[2]                    U8  
                  data_in[3]                   U10  
                  data_in[4]                   U12  
                  data_in[5]                   U14  
                  data_in[6]                   U16  
                  data_in[7]                   U18  
                  data_in[8]                   U20  
                  data_in[9]                   U22  
                 data_in[10]                   U24  
                 data_in[11]                   U26  
                 data_in[12]                   U28  
                 data_in[13]                   U30  
                 data_in[14]                   U32  
                 data_in[15]                   U34  
                 data_in[16]                   U36  
                 data_in[17]                   U38  
                 data_in[18]                   U40  
                 data_in[19]                   U42  
                 data_in[20]                   U44  
                 data_in[21]                   U46  
                 data_in[22]                   U48  
                 data_in[23]                   U50  
                 data_in[24]                   U52  
                 data_in[25]                   U54  
                 data_in[26]                   U56  
                 data_in[27]                   U58  
                 data_in[28]                   U60  
                 data_in[29]                   U62  
                 data_in[30]                   U64  
                 data_in[31]                   U66  
                  bit_wen[0]          M_reg_reg[0]  
                  bit_wen[1]          M_reg_reg[1]  
                  bit_wen[2]          M_reg_reg[2]  
                  bit_wen[3]          M_reg_reg[3]  
                  bit_wen[4]          M_reg_reg[4]  
                  bit_wen[5]          M_reg_reg[5]  
                  bit_wen[6]          M_reg_reg[6]  
                  bit_wen[7]          M_reg_reg[7]  
                  bit_wen[8]          M_reg_reg[8]  
                  bit_wen[9]          M_reg_reg[9]  
                 bit_wen[10]         M_reg_reg[10]  
                 bit_wen[11]         M_reg_reg[11]  
                 bit_wen[12]         M_reg_reg[12]  
                 bit_wen[13]         M_reg_reg[13]  
                 bit_wen[14]         M_reg_reg[14]  
                 bit_wen[15]         M_reg_reg[15]  
                 bit_wen[16]         M_reg_reg[16]  
                 bit_wen[17]         M_reg_reg[17]  
                 bit_wen[18]         M_reg_reg[18]  
                 bit_wen[19]         M_reg_reg[19]  
                 bit_wen[20]         M_reg_reg[20]  
                 bit_wen[21]         M_reg_reg[21]  
                 bit_wen[22]         M_reg_reg[22]  
                 bit_wen[23]         M_reg_reg[23]  
                 bit_wen[24]         M_reg_reg[24]  
                 bit_wen[25]         M_reg_reg[25]  
                 bit_wen[26]         M_reg_reg[26]  
                 bit_wen[27]         M_reg_reg[27]  
                 bit_wen[28]         M_reg_reg[28]  
                 bit_wen[29]         M_reg_reg[29]  
                 bit_wen[30]         M_reg_reg[30]  
                 bit_wen[31]         M_reg_reg[31]  
                  address[0]                   U69  
                  address[1]                   U71  
                  address[2]                   U73  
                  address[3]                   U75  
                  address[4]                   U77  
                  address[5]                   U79  
                  address[6]                   U81  
                  address[7]                   U83  
                  address[8]                   U85  
                  address[9]                   U87  
                 address[10]                   U90  
                         wrn                  U157  
                         rdn                  U156  
                         clk         M_reg_reg[31]  110  110  
# Pins: 
    ------------------------------
    Correctness of Pin Connectivity for All Instances
    ------------------------------
    # Floating Terms  0  
    # Output Term Marked Tie Hi/Lo  0  
    # Output Term Shorted to PG Net  0  1025  
# PG Pins: 
    ------------------------------
    Correctness of PG Pin Connectivity for All Instances
    ------------------------------
    # Instances that No Net Defined for Any PG Pin  0  
    # Floating PG Terms  0  
    # PG Pins Connect to Non-PG Net  0  
    # Power Pins Connect Ground Net  0  
    # Ground Pins Connect Power Net  0  608  
Average Pins Per Net(Signal): 2.400  

==============================
General Library Information
==============================
# Routing Layers: 10  
# Masterslice Layers: 2  
# Pin Layers: 
    General Caution:
        1) Library has metal1 pins only; Default placement setup is OK
    ------------------------------
    Pin Layers
    ------------------------------
    metal1  1  
# Layers: 
    ------------------------------
    Layer OVERLAP Information
    ------------------------------
    Type  Overlap  
    ------------------------------
    Layer metal10 Information
    ------------------------------
    Type  Routing  
    Wire Pitch X  1.600 um  
    Wire Pitch Y  1.600 um  
    Offset X  0.095 um  
    Offset Y  0.070 um  
    Wire Width  0.800 um  
    Spacing  0.800 um  
    ------------------------------
    Layer via9 Information
    ------------------------------
    Type  Cut  
    Wire Width  0.800 um  
    Vias  
        ------------------------------
        Via list in layer via9
        ------------------------------
                Vias in via9  Default  
                      via9_0      Yes  For complete list click here  
    Multiple Orientation Vias  CAUTION: There is only one default via in this layer  
    ------------------------------
    Layer metal9 Information
    ------------------------------
    Type  Routing  
    Wire Pitch X  1.600 um  
    Wire Pitch Y  1.600 um  
    Offset X  0.095 um  
    Offset Y  0.070 um  
    Wire Width  0.800 um  
    Spacing  0.800 um  
    ------------------------------
    Layer via8 Information
    ------------------------------
    Type  Cut  
    Wire Width  0.400 um  
    Vias  
        ------------------------------
        Via list in layer via8
        ------------------------------
                Vias in via8  Default  
                      via8_0      Yes  For complete list click here  
    Multiple Orientation Vias  CAUTION: There is only one default via in this layer  
    ------------------------------
    Layer metal8 Information
    ------------------------------
    Type  Routing  
    Wire Pitch X  0.800 um  
    Wire Pitch Y  0.800 um  
    Offset X  0.095 um  
    Offset Y  0.070 um  
    Wire Width  0.400 um  
    Spacing  0.400 um  
    ------------------------------
    Layer via7 Information
    ------------------------------
    Type  Cut  
    Wire Width  0.400 um  
    Vias  
        ------------------------------
        Via list in layer via7
        ------------------------------
                Vias in via7  Default  
                      via7_0      Yes  For complete list click here  
    Multiple Orientation Vias  CAUTION: There is only one default via in this layer  
    ------------------------------
    Layer metal7 Information
    ------------------------------
    Type  Routing  
    Wire Pitch X  0.800 um  
    Wire Pitch Y  0.800 um  
    Offset X  0.095 um  
    Offset Y  0.070 um  
    Wire Width  0.400 um  
    Spacing  0.400 um  
    ------------------------------
    Layer via6 Information
    ------------------------------
    Type  Cut  
    Wire Width  0.140 um  
    Vias  
        ------------------------------
        Via list in layer via6
        ------------------------------
                Vias in via6  Default  
                      via6_0      Yes  For complete list click here  
    Multiple Orientation Vias  CAUTION: There is only one default via in this layer  
    ------------------------------
    Layer metal6 Information
    ------------------------------
    Type  Routing  
    Wire Pitch X  0.280 um  
    Wire Pitch Y  0.280 um  
    Offset X  0.095 um  
    Offset Y  0.070 um  
    Wire Width  0.140 um  
    Spacing  0.140 um  
    ------------------------------
    Layer via5 Information
    ------------------------------
    Type  Cut  
    Wire Width  0.140 um  
    Vias  
        ------------------------------
        Via list in layer via5
        ------------------------------
                Vias in via5  Default  
                      via5_0      Yes  For complete list click here  
    Multiple Orientation Vias  CAUTION: There is only one default via in this layer  
    ------------------------------
    Layer metal5 Information
    ------------------------------
    Type  Routing  
    Wire Pitch X  0.280 um  
    Wire Pitch Y  0.280 um  
    Offset X  0.095 um  
    Offset Y  0.070 um  
    Wire Width  0.140 um  
    Spacing  0.140 um  
    ------------------------------
    Layer via4 Information
    ------------------------------
    Type  Cut  
    Wire Width  0.140 um  
    Vias  
        ------------------------------
        Via list in layer via4
        ------------------------------
                Vias in via4  Default  
                      via4_0      Yes  For complete list click here  
    Multiple Orientation Vias  CAUTION: There is only one default via in this layer  
    ------------------------------
    Layer metal4 Information
    ------------------------------
    Type  Routing  
    Wire Pitch X  0.280 um  
    Wire Pitch Y  0.280 um  
    Offset X  0.095 um  
    Offset Y  0.070 um  
    Wire Width  0.140 um  
    Spacing  0.140 um  
    ------------------------------
    Layer via3 Information
    ------------------------------
    Type  Cut  
    Wire Width  0.070 um  
    Vias  
        ------------------------------
        Via list in layer via3
        ------------------------------
                Vias in via3  Default  
                      via3_1      Yes  
                      via3_0      Yes  
                      via3_2      Yes  For complete list click here  
    ------------------------------
    Layer metal3 Information
    ------------------------------
    Type  Routing  
    Wire Pitch X  0.140 um  
    Wire Pitch Y  0.140 um  
    Offset X  0.095 um  
    Offset Y  0.070 um  
    Wire Width  0.070 um  
    Spacing  0.070 um  
    ------------------------------
    Layer via2 Information
    ------------------------------
    Type  Cut  
    Wire Width  0.070 um  
    Vias  
        ------------------------------
        Via list in layer via2
        ------------------------------
                Vias in via2  Default  
                      via2_3      Yes  
                      via2_2      Yes  
                      via2_1      Yes  
                      via2_0      Yes  
                      via2_6      Yes  
                      via2_7      Yes  
                      via2_5      Yes  
                      via2_4      Yes  
                      via2_8      Yes  For complete list click here  
    ------------------------------
    Layer metal2 Information
    ------------------------------
    Type  Routing  
    Wire Pitch X  0.190 um  
    Wire Pitch Y  0.190 um  
    Offset X  0.095 um  
    Offset Y  0.070 um  
    Wire Width  0.070 um  
    Spacing  0.070 um  
    Line2Via  CAUTION: The line2via does not match the pitch  
    ------------------------------
    Layer via1 Information
    ------------------------------
    Type  Cut  
    Wire Width  0.070 um  
    Vias  
        ------------------------------
        Via list in layer via1
        ------------------------------
                Vias in via1  Default  
                      via1_8      Yes  
                      via1_7      Yes  
                      via1_6      Yes  
                      via1_5      Yes  
                      via1_3      Yes  
                      via1_2      Yes  
                      via1_1      Yes  
                      via1_0      Yes  
                      via1_4      Yes  For complete list click here  
    ------------------------------
    Layer metal1 Information
    ------------------------------
    Type  Routing  
    Wire Pitch X  0.140 um  
    Wire Pitch Y  0.140 um  
    Offset X  0.095 um  
    Offset Y  0.070 um  
    Wire Width  0.070 um  
    Spacing  0.065 um  
    ------------------------------
    Layer M0 Information
    ------------------------------
    Type  Masterslice  
    ------------------------------
    Layer poly Information
    ------------------------------
    Type  Masterslice  22  
# Pins without Physical Port: 0  
# Pins in Library without Timing Lib: 0  
# Pins Missing Direction: 0  
Antenna Summary Report: 
    General Caution:
        1) All Antenna Constructs are absent for the layer section of LEF.
    ------------------------------
    These Pins have antenna info
    ------------------------------
               Cell Name      List of Pin Name  
                 AND2_X1                    A1  
                 AND2_X1                    A2  
                 AND2_X1                    ZN  
                 AND2_X2                    A1  
                 AND2_X2                    A2  
                 AND2_X2                    ZN  
                 AND2_X4                    A1  
                 AND2_X4                    A2  
                 AND2_X4                    ZN  
                 AND3_X1                    A1  
                 AND3_X1                    A2  
                 AND3_X1                    A3  
                 AND3_X1                    ZN  
                 AND3_X2                    A1  
                 AND3_X2                    A2  
                 AND3_X2                    A3  
                 AND3_X2                    ZN  
                 AND3_X4                    A1  
                 AND3_X4                    A2  
                 AND3_X4                    A3  
                 AND3_X4                    ZN  
                 AND4_X1                    A1  
                 AND4_X1                    A2  
                 AND4_X1                    A3  
                 AND4_X1                    A4  
                 AND4_X1                    ZN  
                 AND4_X2                    A1  
                 AND4_X2                    A2  
                 AND4_X2                    A3  
                 AND4_X2                    A4  
                 AND4_X2                    ZN  
                 AND4_X4                    A1  
                 AND4_X4                    A2  
                 AND4_X4                    A3  
                 AND4_X4                    A4  
                 AND4_X4                    ZN  
              ANTENNA_X1                     A  
               AOI211_X1                     A  
               AOI211_X1                     B  
               AOI211_X1                    C1  
               AOI211_X1                    C2  
               AOI211_X1                    ZN  
               AOI211_X2                     A  
               AOI211_X2                     B  
               AOI211_X2                    C1  
               AOI211_X2                    C2  
               AOI211_X2                    ZN  
               AOI211_X4                     A  
               AOI211_X4                     B  
               AOI211_X4                    C1  
               AOI211_X4                    C2  
               AOI211_X4                    ZN  
                AOI21_X1                     A  
                AOI21_X1                    B1  
                AOI21_X1                    B2  
                AOI21_X1                    ZN  
                AOI21_X2                     A  
                AOI21_X2                    B1  
                AOI21_X2                    B2  
                AOI21_X2                    ZN  
                AOI21_X4                     A  
                AOI21_X4                    B1  
                AOI21_X4                    B2  
                AOI21_X4                    ZN  
               AOI221_X1                     A  
               AOI221_X1                    B1  
               AOI221_X1                    B2  
               AOI221_X1                    C1  
               AOI221_X1                    C2  
               AOI221_X1                    ZN  
               AOI221_X2                     A  
               AOI221_X2                    B1  
               AOI221_X2                    B2  
               AOI221_X2                    C1  
               AOI221_X2                    C2  
               AOI221_X2                    ZN  
               AOI221_X4                     A  
               AOI221_X4                    B1  
               AOI221_X4                    B2  
               AOI221_X4                    C1  
               AOI221_X4                    C2  
               AOI221_X4                    ZN  
               AOI222_X1                    A1  
               AOI222_X1                    A2  
               AOI222_X1                    B1  
               AOI222_X1                    B2  
               AOI222_X1                    C1  
               AOI222_X1                    C2  
               AOI222_X1                    ZN  
               AOI222_X2                    A1  
               AOI222_X2                    A2  
               AOI222_X2                    B1  
               AOI222_X2                    B2  
               AOI222_X2                    C1  
               AOI222_X2                    C2  
               AOI222_X2                    ZN  
               AOI222_X4                    A1  
               AOI222_X4                    A2  
               AOI222_X4                    B1  
               AOI222_X4                    B2  
               AOI222_X4                    C1  
               AOI222_X4                    C2  
               AOI222_X4                    ZN  
                AOI22_X1                    A1  
                AOI22_X1                    A2  
                AOI22_X1                    B1  
                AOI22_X1                    B2  
                AOI22_X1                    ZN  
                AOI22_X2                    A1  
                AOI22_X2                    A2  
                AOI22_X2                    B1  
                AOI22_X2                    B2  
                AOI22_X2                    ZN  
                AOI22_X4                    A1  
                AOI22_X4                    A2  
                AOI22_X4                    B1  
                AOI22_X4                    B2  
                AOI22_X4                    ZN  
                  BUF_X1                     A  
                  BUF_X1                     Z  
                 BUF_X16                     A  
                 BUF_X16                     Z  
                  BUF_X2                     A  
                  BUF_X2                     Z  
                 BUF_X32                     A  
                 BUF_X32                     Z  
                  BUF_X4                     A  
                  BUF_X4                     Z  
                  BUF_X8                     A  
                  BUF_X8                     Z  
               CLKBUF_X1                     A  
               CLKBUF_X1                     Z  
               CLKBUF_X2                     A  
               CLKBUF_X2                     Z  
               CLKBUF_X3                     A  
               CLKBUF_X3                     Z  
           CLKGATETST_X1                    CK  
           CLKGATETST_X1                     E  
           CLKGATETST_X1                   GCK  
           CLKGATETST_X1                    SE  
           CLKGATETST_X2                    CK  
           CLKGATETST_X2                     E  
           CLKGATETST_X2                   GCK  
           CLKGATETST_X2                    SE  
           CLKGATETST_X4                    CK  
           CLKGATETST_X4                     E  
           CLKGATETST_X4                   GCK  
           CLKGATETST_X4                    SE  
           CLKGATETST_X8                    CK  
           CLKGATETST_X8                     E  
           CLKGATETST_X8                   GCK  
           CLKGATETST_X8                    SE  
              CLKGATE_X1                    CK  
              CLKGATE_X1                     E  
              CLKGATE_X1                   GCK  
              CLKGATE_X2                    CK  
              CLKGATE_X2                     E  
              CLKGATE_X2                   GCK  
              CLKGATE_X4                    CK  
              CLKGATE_X4                     E  
              CLKGATE_X4                   GCK  
              CLKGATE_X8                    CK  
              CLKGATE_X8                     E  
              CLKGATE_X8                   GCK  
                DFFRS_X1                    CK  
                DFFRS_X1                     D  
                DFFRS_X1                     Q  
                DFFRS_X1                    QN  
                DFFRS_X1                    RN  
                DFFRS_X1                    SN  
                DFFRS_X2                    CK  
                DFFRS_X2                     D  
                DFFRS_X2                     Q  
                DFFRS_X2                    QN  
                DFFRS_X2                    RN  
                DFFRS_X2                    SN  
                 DFFR_X1                    CK  
                 DFFR_X1                     D  
                 DFFR_X1                     Q  
                 DFFR_X1                    QN  
                 DFFR_X1                    RN  
                 DFFR_X2                    CK  
                 DFFR_X2                     D  
                 DFFR_X2                     Q  
                 DFFR_X2                    QN  
                 DFFR_X2                    RN  
                 DFFS_X1                    CK  
                 DFFS_X1                     D  
                 DFFS_X1                     Q  
                 DFFS_X1                    QN  
                 DFFS_X1                    SN  
                 DFFS_X2                    CK  
                 DFFS_X2                     D  
                 DFFS_X2                     Q  
                 DFFS_X2                    QN  
                 DFFS_X2                    SN  
                  DFF_X1                    CK  
                  DFF_X1                     D  
                  DFF_X1                     Q  
                  DFF_X1                    QN  
                  DFF_X2                    CK  
                  DFF_X2                     D  
                  DFF_X2                     Q  
                  DFF_X2                    QN  
                  DLH_X1                     D  
                  DLH_X1                     G  
                  DLH_X1                     Q  
                  DLH_X2                     D  
                  DLH_X2                     G  
                  DLH_X2                     Q  
                  DLL_X1                     D  
                  DLL_X1                    GN  
                  DLL_X1                     Q  
                  DLL_X2                     D  
                  DLL_X2                    GN  
                  DLL_X2                     Q  
                   FA_X1                     A  
                   FA_X1                     B  
                   FA_X1                    CI  
                   FA_X1                    CO  
                   FA_X1                     S  
                   HA_X1                     A  
                   HA_X1                     B  
                   HA_X1                    CO  
                   HA_X1                     S  
                  INV_X1                     A  
                  INV_X1                    ZN  
                 INV_X16                     A  
                 INV_X16                    ZN  
                  INV_X2                     A  
                  INV_X2                    ZN  
                 INV_X32                     A  
                 INV_X32                    ZN  
                  INV_X4                     A  
                  INV_X4                    ZN  
                  INV_X8                     A  
                  INV_X8                    ZN  
               LOGIC0_X1                     Z  
               LOGIC1_X1                     Z  
                 MUX2_X1                     A  
                 MUX2_X1                     B  
                 MUX2_X1                     S  
                 MUX2_X1                     Z  
                 MUX2_X2                     A  
                 MUX2_X2                     B  
                 MUX2_X2                     S  
                 MUX2_X2                     Z  
                NAND2_X1                    A1  
                NAND2_X1                    A2  
                NAND2_X1                    ZN  
                NAND2_X2                    A1  
                NAND2_X2                    A2  
                NAND2_X2                    ZN  
                NAND2_X4                    A1  
                NAND2_X4                    A2  
                NAND2_X4                    ZN  
                NAND3_X1                    A1  
                NAND3_X1                    A2  
                NAND3_X1                    A3  
                NAND3_X1                    ZN  
                NAND3_X2                    A1  
                NAND3_X2                    A2  
                NAND3_X2                    A3  
                NAND3_X2                    ZN  
                NAND3_X4                    A1  
                NAND3_X4                    A2  
                NAND3_X4                    A3  
                NAND3_X4                    ZN  
                NAND4_X1                    A1  
                NAND4_X1                    A2  
                NAND4_X1                    A3  
                NAND4_X1                    A4  
                NAND4_X1                    ZN  
                NAND4_X2                    A1  
                NAND4_X2                    A2  
                NAND4_X2                    A3  
                NAND4_X2                    A4  
                NAND4_X2                    ZN  
                NAND4_X4                    A1  
                NAND4_X4                    A2  
                NAND4_X4                    A3  
                NAND4_X4                    A4  
                NAND4_X4                    ZN  
                 NOR2_X1                    A1  
                 NOR2_X1                    A2  
                 NOR2_X1                    ZN  
                 NOR2_X2                    A1  
                 NOR2_X2                    A2  
                 NOR2_X2                    ZN  
                 NOR2_X4                    A1  
                 NOR2_X4                    A2  
                 NOR2_X4                    ZN  
                 NOR3_X1                    A1  
                 NOR3_X1                    A2  
                 NOR3_X1                    A3  
                 NOR3_X1                    ZN  
                 NOR3_X2                    A1  
                 NOR3_X2                    A2  
                 NOR3_X2                    A3  
                 NOR3_X2                    ZN  
                 NOR3_X4                    A1  
                 NOR3_X4                    A2  
                 NOR3_X4                    A3  
                 NOR3_X4                    ZN  
                 NOR4_X1                    A1  
                 NOR4_X1                    A2  
                 NOR4_X1                    A3  
                 NOR4_X1                    A4  
                 NOR4_X1                    ZN  
                 NOR4_X2                    A1  
                 NOR4_X2                    A2  
                 NOR4_X2                    A3  
                 NOR4_X2                    A4  
                 NOR4_X2                    ZN  
                 NOR4_X4                    A1  
                 NOR4_X4                    A2  
                 NOR4_X4                    A3  
                 NOR4_X4                    A4  
                 NOR4_X4                    ZN  
               OAI211_X1                     A  
               OAI211_X1                     B  
               OAI211_X1                    C1  
               OAI211_X1                    C2  
               OAI211_X1                    ZN  
               OAI211_X2                     A  
               OAI211_X2                     B  
               OAI211_X2                    C1  
               OAI211_X2                    C2  
               OAI211_X2                    ZN  
               OAI211_X4                     A  
               OAI211_X4                     B  
               OAI211_X4                    C1  
               OAI211_X4                    C2  
               OAI211_X4                    ZN  
                OAI21_X1                     A  
                OAI21_X1                    B1  
                OAI21_X1                    B2  
                OAI21_X1                    ZN  
                OAI21_X2                     A  
                OAI21_X2                    B1  
                OAI21_X2                    B2  
                OAI21_X2                    ZN  
                OAI21_X4                     A  
                OAI21_X4                    B1  
                OAI21_X4                    B2  
                OAI21_X4                    ZN  
               OAI221_X1                     A  
               OAI221_X1                    B1  
               OAI221_X1                    B2  
               OAI221_X1                    C1  
               OAI221_X1                    C2  
               OAI221_X1                    ZN  
               OAI221_X2                     A  
               OAI221_X2                    B1  
               OAI221_X2                    B2  
               OAI221_X2                    C1  
               OAI221_X2                    C2  
               OAI221_X2                    ZN  
               OAI221_X4                     A  
               OAI221_X4                    B1  
               OAI221_X4                    B2  
               OAI221_X4                    C1  
               OAI221_X4                    C2  
               OAI221_X4                    ZN  
               OAI222_X1                    A1  
               OAI222_X1                    A2  
               OAI222_X1                    B1  
               OAI222_X1                    B2  
               OAI222_X1                    C1  
               OAI222_X1                    C2  
               OAI222_X1                    ZN  
               OAI222_X2                    A1  
               OAI222_X2                    A2  
               OAI222_X2                    B1  
               OAI222_X2                    B2  
               OAI222_X2                    C1  
               OAI222_X2                    C2  
               OAI222_X2                    ZN  
               OAI222_X4                    A1  
               OAI222_X4                    A2  
               OAI222_X4                    B1  
               OAI222_X4                    B2  
               OAI222_X4                    C1  
               OAI222_X4                    C2  
               OAI222_X4                    ZN  
                OAI22_X1                    A1  
                OAI22_X1                    A2  
                OAI22_X1                    B1  
                OAI22_X1                    B2  
                OAI22_X1                    ZN  
                OAI22_X2                    A1  
                OAI22_X2                    A2  
                OAI22_X2                    B1  
                OAI22_X2                    B2  
                OAI22_X2                    ZN  
                OAI22_X4                    A1  
                OAI22_X4                    A2  
                OAI22_X4                    B1  
                OAI22_X4                    B2  
                OAI22_X4                    ZN  
                OAI33_X1                    A1  
                OAI33_X1                    A2  
                OAI33_X1                    A3  
                OAI33_X1                    B1  
                OAI33_X1                    B2  
                OAI33_X1                    B3  
                OAI33_X1                    ZN  
                  OR2_X1                    A1  
                  OR2_X1                    A2  
                  OR2_X1                    ZN  
                  OR2_X2                    A1  
                  OR2_X2                    A2  
                  OR2_X2                    ZN  
                  OR2_X4                    A1  
                  OR2_X4                    A2  
                  OR2_X4                    ZN  
                  OR3_X1                    A1  
                  OR3_X1                    A2  
                  OR3_X1                    A3  
                  OR3_X1                    ZN  
                  OR3_X2                    A1  
                  OR3_X2                    A2  
                  OR3_X2                    A3  
                  OR3_X2                    ZN  
                  OR3_X4                    A1  
                  OR3_X4                    A2  
                  OR3_X4                    A3  
                  OR3_X4                    ZN  
                  OR4_X1                    A1  
                  OR4_X1                    A2  
                  OR4_X1                    A3  
                  OR4_X1                    A4  
                  OR4_X1                    ZN  
                  OR4_X2                    A1  
                  OR4_X2                    A2  
                  OR4_X2                    A3  
                  OR4_X2                    A4  
                  OR4_X2                    ZN  
                  OR4_X4                    A1  
                  OR4_X4                    A2  
                  OR4_X4                    A3  
                  OR4_X4                    A4  
                  OR4_X4                    ZN  
               SDFFRS_X1                    CK  
               SDFFRS_X1                     D  
               SDFFRS_X1                     Q  
               SDFFRS_X1                    QN  
               SDFFRS_X1                    RN  
               SDFFRS_X1                    SE  
               SDFFRS_X1                    SI  
               SDFFRS_X1                    SN  
               SDFFRS_X2                    CK  
               SDFFRS_X2                     D  
               SDFFRS_X2                     Q  
               SDFFRS_X2                    QN  
               SDFFRS_X2                    RN  
               SDFFRS_X2                    SE  
               SDFFRS_X2                    SI  
               SDFFRS_X2                    SN  
                SDFFR_X1                    CK  
                SDFFR_X1                     D  
                SDFFR_X1                     Q  
                SDFFR_X1                    QN  
                SDFFR_X1                    RN  
                SDFFR_X1                    SE  
                SDFFR_X1                    SI  
                SDFFR_X2                    CK  
                SDFFR_X2                     D  
                SDFFR_X2                     Q  
                SDFFR_X2                    QN  
                SDFFR_X2                    RN  
                SDFFR_X2                    SE  
                SDFFR_X2                    SI  
                SDFFS_X1                    CK  
                SDFFS_X1                     D  
                SDFFS_X1                     Q  
                SDFFS_X1                    QN  
                SDFFS_X1                    SE  
                SDFFS_X1                    SI  
                SDFFS_X1                    SN  
                SDFFS_X2                    CK  
                SDFFS_X2                     D  
                SDFFS_X2                     Q  
                SDFFS_X2                    QN  
                SDFFS_X2                    SE  
                SDFFS_X2                    SI  
                SDFFS_X2                    SN  
                 SDFF_X1                    CK  
                 SDFF_X1                     D  
                 SDFF_X1                     Q  
                 SDFF_X1                    QN  
                 SDFF_X1                    SE  
                 SDFF_X1                    SI  
                 SDFF_X2                    CK  
                 SDFF_X2                     D  
                 SDFF_X2                     Q  
                 SDFF_X2                    QN  
                 SDFF_X2                    SE  
                 SDFF_X2                    SI  
                 TBUF_X1                     A  
                 TBUF_X1                    EN  
                 TBUF_X1                     Z  
                TBUF_X16                     A  
                TBUF_X16                    EN  
                TBUF_X16                     Z  
                 TBUF_X2                     A  
                 TBUF_X2                    EN  
                 TBUF_X2                     Z  
                 TBUF_X4                     A  
                 TBUF_X4                    EN  
                 TBUF_X4                     Z  
                 TBUF_X8                     A  
                 TBUF_X8                    EN  
                 TBUF_X8                     Z  
                 TINV_X1                    EN  
                 TINV_X1                     I  
                 TINV_X1                    ZN  
                 TLAT_X1                     D  
                 TLAT_X1                     G  
                 TLAT_X1                    OE  
                 TLAT_X1                     Q  
                XNOR2_X1                     A  
                XNOR2_X1                     B  
                XNOR2_X1                    ZN  
                XNOR2_X2                     A  
                XNOR2_X2                     B  
                XNOR2_X2                    ZN  
                 XOR2_X1                     A  
                 XOR2_X1                     B  
                 XOR2_X1                     Z  
                 XOR2_X2                     A  
                 XOR2_X2                     B  
                 XOR2_X2                     Z  For more information click here  
# Cells Missing LEF Info: 0  
# Cells with Dimension Errors: 0  

==============================
Netlist Information
==============================
# HFO (>200) Nets: 0  
# No-driven Nets: 0  
# Multi-driven Nets: 0  
# Assign Statements: 0  
Is Design Uniquified: YES  
# Pins in Netlist without timing lib: 0  

==============================

==============================
: Internal  External  
No of Nets:          1           0  
No of Connections:          1           0  
Total Net Length (X): 0.0000e+00  0.0000e+00  
Total Net Length (Y): 0.0000e+00  0.0000e+00  
Total Net Length: 0.0000e+00  0.0000e+00  

==============================
Timing Information
==============================
# Clocks in design: 0  
# Generated clocks: 0  
# "dont_use" cells from .libs: 
    ------------------------------
    Dont_use Cell List
    ------------------------------
    ANTENNA_X1  
    ANTENNA_X1  
    FILLCELL_X1  
    FILLCELL_X1  
    FILLCELL_X16  
    FILLCELL_X16  
    FILLCELL_X2  
    FILLCELL_X2  
    FILLCELL_X32  
    FILLCELL_X32  
    FILLCELL_X4  
    FILLCELL_X4  
    FILLCELL_X8  
    FILLCELL_X8  
    LOGIC0_X1  
    LOGIC0_X1  
    LOGIC1_X1  
    LOGIC1_X1  18  
# "dont_touch" cells from .libs: 
    ------------------------------
    Dont_touch Cell List
    ------------------------------
    ANTENNA_X1  
    ANTENNA_X1  
    FILLCELL_X1  
    FILLCELL_X1  
    FILLCELL_X16  
    FILLCELL_X16  
    FILLCELL_X2  
    FILLCELL_X2  
    FILLCELL_X32  
    FILLCELL_X32  
    FILLCELL_X4  
    FILLCELL_X4  
    FILLCELL_X8  
    FILLCELL_X8  
    LOGIC0_X1  
    LOGIC0_X1  
    LOGIC1_X1  
    LOGIC1_X1  18  
# Cells in .lib with max_tran: 
    ------------------------------
    Cell List with max_tran
    ------------------------------
               Cell Name  Max Transition (ps)  
                 AND2_X1  500  
                 AND2_X1  500  
                 AND2_X2  500  
                 AND2_X2  500  
                 AND2_X4  500  
                 AND2_X4  500  
                 AND3_X1  500  
                 AND3_X1  500  
                 AND3_X2  500  
                 AND3_X2  500  
                 AND3_X4  500  
                 AND3_X4  500  
                 AND4_X1  500  
                 AND4_X1  500  
                 AND4_X2  500  
                 AND4_X2  500  
                 AND4_X4  500  
                 AND4_X4  500  
              ANTENNA_X1  500  
              ANTENNA_X1  500  
               AOI211_X1  500  
               AOI211_X1  500  
               AOI211_X2  500  
               AOI211_X2  500  
               AOI211_X4  500  
               AOI211_X4  500  
                AOI21_X1  500  
                AOI21_X1  500  
                AOI21_X2  500  
                AOI21_X2  500  
                AOI21_X4  500  
                AOI21_X4  500  
               AOI221_X1  500  
               AOI221_X1  500  
               AOI221_X2  500  
               AOI221_X2  500  
               AOI221_X4  500  
               AOI221_X4  500  
               AOI222_X1  500  
               AOI222_X1  500  
               AOI222_X2  500  
               AOI222_X2  500  
               AOI222_X4  500  
               AOI222_X4  500  
                AOI22_X1  500  
                AOI22_X1  500  
                AOI22_X2  500  
                AOI22_X2  500  
                AOI22_X4  500  
                AOI22_X4  500  
                  BUF_X1  500  
                  BUF_X1  500  
                 BUF_X16  500  
                 BUF_X16  500  
                  BUF_X2  500  
                  BUF_X2  500  
                 BUF_X32  500  
                 BUF_X32  500  
                  BUF_X4  500  
                  BUF_X4  500  
                  BUF_X8  500  
                  BUF_X8  500  
               CLKBUF_X1  500  
               CLKBUF_X1  500  
               CLKBUF_X2  500  
               CLKBUF_X2  500  
               CLKBUF_X3  500  
               CLKBUF_X3  500  
           CLKGATETST_X1  500  
           CLKGATETST_X1  500  
           CLKGATETST_X2  500  
           CLKGATETST_X2  500  
           CLKGATETST_X4  500  
           CLKGATETST_X4  500  
           CLKGATETST_X8  500  
           CLKGATETST_X8  500  
              CLKGATE_X1  500  
              CLKGATE_X1  500  
              CLKGATE_X2  500  
              CLKGATE_X2  500  
              CLKGATE_X4  500  
              CLKGATE_X4  500  
              CLKGATE_X8  500  
              CLKGATE_X8  500  
                DFFRS_X1  500  
                DFFRS_X1  500  
                DFFRS_X2  500  
                DFFRS_X2  500  
                 DFFR_X1  500  
                 DFFR_X1  500  
                 DFFR_X2  500  
                 DFFR_X2  500  
                 DFFS_X1  500  
                 DFFS_X1  500  
                 DFFS_X2  500  
                 DFFS_X2  500  
                  DFF_X1  500  
                  DFF_X1  500  
                  DFF_X2  500  
                  DFF_X2  500  
                  DLH_X1  500  
                  DLH_X1  500  
                  DLH_X2  500  
                  DLH_X2  500  
                  DLL_X1  500  
                  DLL_X1  500  
                  DLL_X2  500  
                  DLL_X2  500  
                   FA_X1  500  
                   FA_X1  500  
                   HA_X1  500  
                   HA_X1  500  
                  INV_X1  500  
                  INV_X1  500  
                 INV_X16  500  
                 INV_X16  500  
                  INV_X2  500  
                  INV_X2  500  
                 INV_X32  500  
                 INV_X32  500  
                  INV_X4  500  
                  INV_X4  500  
                  INV_X8  500  
                  INV_X8  500  
               LOGIC0_X1  500  
               LOGIC0_X1  500  
               LOGIC1_X1  500  
               LOGIC1_X1  500  
                 MUX2_X1  500  
                 MUX2_X1  500  
                 MUX2_X2  500  
                 MUX2_X2  500  
                NAND2_X1  500  
                NAND2_X1  500  
                NAND2_X2  500  
                NAND2_X2  500  
                NAND2_X4  500  
                NAND2_X4  500  
                NAND3_X1  500  
                NAND3_X1  500  
                NAND3_X2  500  
                NAND3_X2  500  
                NAND3_X4  500  
                NAND3_X4  500  
                NAND4_X1  500  
                NAND4_X1  500  
                NAND4_X2  500  
                NAND4_X2  500  
                NAND4_X4  500  
                NAND4_X4  500  
                 NOR2_X1  500  
                 NOR2_X1  500  
                 NOR2_X2  500  
                 NOR2_X2  500  
                 NOR2_X4  500  
                 NOR2_X4  500  
                 NOR3_X1  500  
                 NOR3_X1  500  
                 NOR3_X2  500  
                 NOR3_X2  500  
                 NOR3_X4  500  
                 NOR3_X4  500  
                 NOR4_X1  500  
                 NOR4_X1  500  
                 NOR4_X2  500  
                 NOR4_X2  500  
                 NOR4_X4  500  
                 NOR4_X4  500  
               OAI211_X1  500  
               OAI211_X1  500  
               OAI211_X2  500  
               OAI211_X2  500  
               OAI211_X4  500  
               OAI211_X4  500  
                OAI21_X1  500  
                OAI21_X1  500  
                OAI21_X2  500  
                OAI21_X2  500  
                OAI21_X4  500  
                OAI21_X4  500  
               OAI221_X1  500  
               OAI221_X1  500  
               OAI221_X2  500  
               OAI221_X2  500  
               OAI221_X4  500  
               OAI221_X4  500  
               OAI222_X1  500  
               OAI222_X1  500  
               OAI222_X2  500  
               OAI222_X2  500  
               OAI222_X4  500  
               OAI222_X4  500  
                OAI22_X1  500  
                OAI22_X1  500  
                OAI22_X2  500  
                OAI22_X2  500  
                OAI22_X4  500  
                OAI22_X4  500  
                OAI33_X1  500  
                OAI33_X1  500  
                  OR2_X1  500  
                  OR2_X1  500  
                  OR2_X2  500  
                  OR2_X2  500  
                  OR2_X4  500  
                  OR2_X4  500  
                  OR3_X1  500  
                  OR3_X1  500  
                  OR3_X2  500  
                  OR3_X2  500  
                  OR3_X4  500  
                  OR3_X4  500  
                  OR4_X1  500  
                  OR4_X1  500  
                  OR4_X2  500  
                  OR4_X2  500  
                  OR4_X4  500  
                  OR4_X4  500  
               SDFFRS_X1  500  
               SDFFRS_X1  500  
               SDFFRS_X2  500  
               SDFFRS_X2  500  
                SDFFR_X1  500  
                SDFFR_X1  500  
                SDFFR_X2  500  
                SDFFR_X2  500  
                SDFFS_X1  500  
                SDFFS_X1  500  
                SDFFS_X2  500  
                SDFFS_X2  500  
                 SDFF_X1  500  
                 SDFF_X1  500  
                 SDFF_X2  500  
                 SDFF_X2  500  
                 TBUF_X1  500  
                 TBUF_X1  500  
                TBUF_X16  500  
                TBUF_X16  500  
                 TBUF_X2  500  
                 TBUF_X2  500  
                 TBUF_X4  500  
                 TBUF_X4  500  
                 TBUF_X8  500  
                 TBUF_X8  500  
                 TINV_X1  500  
                 TINV_X1  500  
                 TLAT_X1  500  
                 TLAT_X1  500  
                XNOR2_X1  500  
                XNOR2_X1  500  
                XNOR2_X2  500  
                XNOR2_X2  500  
                 XOR2_X1  500  
                 XOR2_X1  500  
                 XOR2_X2  500  
                 XOR2_X2  500  256  
# Cells in .lib with max_cap: 
    ------------------------------
    Cell List with max_cap
    ------------------------------
               Cell Name  Max Capacitance (pf)  
                 AND2_X1  0.060494  
                 AND2_X1  0.060494  
                 AND2_X2  0.120821  
                 AND2_X2  0.120821  
                 AND2_X4  0.241652  
                 AND2_X4  0.241652  
                 AND3_X1  0.060380  
                 AND3_X1  0.060380  
                 AND3_X2  0.120544  
                 AND3_X2  0.120544  
                 AND3_X4  0.241089  
                 AND3_X4  0.241089  
                 AND4_X1  0.060215  
                 AND4_X1  0.060215  
                 AND4_X2  0.120339  
                 AND4_X2  0.120339  
                 AND4_X4  0.240849  
                 AND4_X4  0.240849  
               AOI211_X1  0.014473  
               AOI211_X1  0.014473  
               AOI211_X2  0.028926  
               AOI211_X2  0.028926  
               AOI211_X4  0.242306  
               AOI211_X4  0.242306  
                AOI21_X1  0.025274  
                AOI21_X1  0.025274  
                AOI21_X2  0.050610  
                AOI21_X2  0.050610  
                AOI21_X4  0.101013  
                AOI21_X4  0.101013  
               AOI221_X1  0.013799  
               AOI221_X1  0.013799  
               AOI221_X2  0.027532  
               AOI221_X2  0.027532  
               AOI221_X4  0.242260  
               AOI221_X4  0.242260  
               AOI222_X1  0.012968  
               AOI222_X1  0.012968  
               AOI222_X2  0.025578  
               AOI222_X2  0.025578  
               AOI222_X4  0.242254  
               AOI222_X4  0.242254  
                AOI22_X1  0.024574  
                AOI22_X1  0.024574  
                AOI22_X2  0.049060  
                AOI22_X2  0.049060  
                AOI22_X4  0.097961  
                AOI22_X4  0.097961  
                  BUF_X1  0.060631  
                  BUF_X1  0.060631  
                 BUF_X16  0.965358  
                 BUF_X16  0.965358  
                  BUF_X2  0.121101  
                  BUF_X2  0.121101  
                 BUF_X32  1.904300  
                 BUF_X32  1.904300  
                  BUF_X4  0.242237  
                  BUF_X4  0.242237  
                  BUF_X8  0.483910  
                  BUF_X8  0.483910  
               CLKBUF_X1  0.060696  
               CLKBUF_X1  0.060696  
               CLKBUF_X2  0.121307  
               CLKBUF_X2  0.121307  
               CLKBUF_X3  0.181867  
               CLKBUF_X3  0.181867  
           CLKGATETST_X1  0.060730  
           CLKGATETST_X1  0.060730  
           CLKGATETST_X2  0.121361  
           CLKGATETST_X2  0.121361  
           CLKGATETST_X4  0.242584  
           CLKGATETST_X4  0.242584  
           CLKGATETST_X8  0.483984  
           CLKGATETST_X8  0.483984  
              CLKGATE_X1  0.060700  
              CLKGATE_X1  0.060700  
              CLKGATE_X2  0.121242  
              CLKGATE_X2  0.121242  
              CLKGATE_X4  0.242310  
              CLKGATE_X4  0.242310  
              CLKGATE_X8  0.484125  
              CLKGATE_X8  0.484125  
                DFFRS_X1  0.060603  
                DFFRS_X1  0.060603  
                DFFRS_X2  0.120693  
                DFFRS_X2  0.120693  
                 DFFR_X1  0.060577  
                 DFFR_X1  0.060577  
                 DFFR_X2  0.120850  
                 DFFR_X2  0.120850  
                 DFFS_X1  0.060654  
                 DFFS_X1  0.060654  
                 DFFS_X2  0.120996  
                 DFFS_X2  0.120996  
                  DFF_X1  0.060730  
                  DFF_X1  0.060730  
                  DFF_X2  0.121155  
                  DFF_X2  0.121155  
                  DLH_X1  0.060543  
                  DLH_X1  0.060543  
                  DLH_X2  0.120697  
                  DLH_X2  0.120697  
                  DLL_X1  0.060261  
                  DLL_X1  0.060261  
                  DLL_X2  0.120544  
                  DLL_X2  0.120544  
                   FA_X1  0.060120  
                   FA_X1  0.060120  
                   HA_X1  0.060544  
                   HA_X1  0.060544  
                  INV_X1  0.060688  
                  INV_X1  0.060688  
                 INV_X16  0.968217  
                 INV_X16  0.968217  
                  INV_X2  0.121264  
                  INV_X2  0.121264  
                 INV_X32  1.922333  
                 INV_X32  1.922333  
                  INV_X4  0.242693  
                  INV_X4  0.242693  
                  INV_X8  0.485108  
                  INV_X8  0.485108  
                 MUX2_X1  0.060462  
                 MUX2_X1  0.060462  
                 MUX2_X2  0.120798  
                 MUX2_X2  0.120798  
                NAND2_X1  0.059345  
                NAND2_X1  0.059345  
                NAND2_X2  0.118669  
                NAND2_X2  0.118669  
                NAND2_X4  0.237363  
                NAND2_X4  0.237363  
                NAND3_X1  0.058309  
                NAND3_X1  0.058309  
                NAND3_X2  0.116272  
                NAND3_X2  0.116272  
                NAND3_X4  0.232839  
                NAND3_X4  0.232839  
                NAND4_X1  0.055968  
                NAND4_X1  0.055968  
                NAND4_X2  0.111503  
                NAND4_X2  0.111503  
                NAND4_X4  0.222778  
                NAND4_X4  0.222778  
                 NOR2_X1  0.026647  
                 NOR2_X1  0.026647  
                 NOR2_X2  0.053302  
                 NOR2_X2  0.053302  
                 NOR2_X4  0.106783  
                 NOR2_X4  0.106783  
                 NOR3_X1  0.015981  
                 NOR3_X1  0.015981  
                 NOR3_X2  0.031692  
                 NOR3_X2  0.031692  
                 NOR3_X4  0.063202  
                 NOR3_X4  0.063202  
                 NOR4_X1  0.010456  
                 NOR4_X1  0.010456  
                 NOR4_X2  0.020876  
                 NOR4_X2  0.020876  
                 NOR4_X4  0.041492  
                 NOR4_X4  0.041492  
               OAI211_X1  0.025538  
               OAI211_X1  0.025538  
               OAI211_X2  0.050802  
               OAI211_X2  0.050802  
               OAI211_X4  0.101443  
               OAI211_X4  0.101443  
                OAI21_X1  0.026022  
                OAI21_X1  0.026022  
                OAI21_X2  0.052030  
                OAI21_X2  0.052030  
                OAI21_X4  0.104065  
                OAI21_X4  0.104065  
               OAI221_X1  0.022146  
               OAI221_X1  0.022146  
               OAI221_X2  0.043855  
               OAI221_X2  0.043855  
               OAI221_X4  0.242310  
               OAI221_X4  0.242310  
               OAI222_X1  0.020046  
               OAI222_X1  0.020046  
               OAI222_X2  0.039597  
               OAI222_X2  0.039597  
               OAI222_X4  0.242249  
               OAI222_X4  0.242249  
                OAI22_X1  0.023215  
                OAI22_X1  0.023215  
                OAI22_X2  0.046273  
                OAI22_X2  0.046273  
                OAI22_X4  0.092355  
                OAI22_X4  0.092355  
                OAI33_X1  0.011475  
                OAI33_X1  0.011475  
                  OR2_X1  0.060577  
                  OR2_X1  0.060577  
                  OR2_X2  0.121052  
                  OR2_X2  0.121052  
                  OR2_X4  0.242232  
                  OR2_X4  0.242232  
                  OR3_X1  0.060565  
                  OR3_X1  0.060565  
                  OR3_X2  0.121010  
                  OR3_X2  0.121010  
                  OR3_X4  0.242086  
                  OR3_X4  0.242086  
                  OR4_X1  0.060524  
                  OR4_X1  0.060524  
                  OR4_X2  0.120850  
                  OR4_X2  0.120850  
                  OR4_X4  0.241699  
                  OR4_X4  0.241699  
               SDFFRS_X1  0.060243  
               SDFFRS_X1  0.060243  
               SDFFRS_X2  0.120633  
               SDFFRS_X2  0.120633  
                SDFFR_X1  0.060425  
                SDFFR_X1  0.060425  
                SDFFR_X2  0.120544  
                SDFFR_X2  0.120544  
                SDFFS_X1  0.059916  
                SDFFS_X1  0.059916  
                SDFFS_X2  0.119165  
                SDFFS_X2  0.119165  
                 SDFF_X1  0.060577  
                 SDFF_X1  0.060577  
                 SDFF_X2  0.120544  
                 SDFF_X2  0.120544  
                 TBUF_X1  0.051536  
                 TBUF_X1  0.051536  
                TBUF_X16  0.820074  
                TBUF_X16  0.820074  
                 TBUF_X2  0.103551  
                 TBUF_X2  0.103551  
                 TBUF_X4  0.206681  
                 TBUF_X4  0.206681  
                 TBUF_X8  0.412598  
                 TBUF_X8  0.412598  
                 TINV_X1  0.022500  
                 TINV_X1  0.022500  
                 TLAT_X1  0.022583  
                 TLAT_X1  0.022583  
                XNOR2_X1  0.025960  
                XNOR2_X1  0.025960  
                XNOR2_X2  0.051917  
                XNOR2_X2  0.051917  
                 XOR2_X1  0.025271  
                 XOR2_X1  0.025271  
                 XOR2_X2  0.050422  
                 XOR2_X2  0.050422  250  
# Cells in .lib with max_fanout: 0  
SDC max_cap: N/A  
SDC max_tran: N/A  
SDC max_fanout: N/A  
Default Ext. Scale Factor: 1.000  
Detail Ext. Scale Factor: 1.000  
